{"C:\\Users\\A.M\\Desktop\\ANDELA-PROGRAMMING\\My-BRAND-Andre-BE\\src\\server.ts": {"path":"C:\\Users\\A.M\\Desktop\\ANDELA-PROGRAMMING\\My-BRAND-Andre-BE\\src\\server.ts","statementMap":{"0":{"start":{"line":1,"column":0},"end":{"line":1,"column":55}},"1":{"start":{"line":2,"column":0},"end":{"line":2,"column":32}},"2":{"start":{"line":3,"column":0},"end":{"line":3,"column":37}},"3":{"start":{"line":4,"column":0},"end":{"line":4,"column":121}},"4":{"start":{"line":5,"column":0},"end":{"line":5,"column":97}},"5":{"start":{"line":6,"column":0},"end":{"line":6,"column":110}},"6":{"start":{"line":7,"column":0},"end":{"line":7,"column":122}},"7":{"start":{"line":8,"column":0},"end":{"line":8,"column":110}},"8":{"start":{"line":9,"column":0},"end":{"line":9,"column":59}},"9":{"start":{"line":10,"column":0},"end":{"line":10,"column":43}},"10":{"start":{"line":11,"column":0},"end":{"line":11,"column":50}},"11":{"start":{"line":12,"column":0},"end":{"line":12,"column":28}},"12":{"start":{"line":13,"column":0},"end":{"line":13,"column":16}},"13":{"start":{"line":17,"column":12},"end":{"line":17,"column":21}},"14":{"start":{"line":19,"column":0},"end":{"line":19,"column":27}},"15":{"start":{"line":21,"column":30},"end":{"line":21,"column":73}},"16":{"start":{"line":22,"column":31},"end":{"line":22,"column":50}},"17":{"start":{"line":24,"column":0},"end":{"line":26,"column":5}},"18":{"start":{"line":25,"column":4},"end":{"line":25,"column":34}},"19":{"start":{"line":33,"column":0},"end":{"line":33,"column":31}},"20":{"start":{"line":35,"column":0},"end":{"line":35,"column":24}},"21":{"start":{"line":37,"column":0},"end":{"line":37,"column":43}},"22":{"start":{"line":39,"column":0},"end":{"line":39,"column":49}},"23":{"start":{"line":41,"column":0},"end":{"line":41,"column":51}},"24":{"start":{"line":43,"column":0},"end":{"line":43,"column":53}},"25":{"start":{"line":48,"column":0},"end":{"line":48,"column":52}},"26":{"start":{"line":50,"column":0},"end":{"line":50,"column":55}},"27":{"start":{"line":52,"column":0},"end":{"line":52,"column":58}},"28":{"start":{"line":58,"column":0},"end":{"line":58,"column":52}},"29":{"start":{"line":60,"column":0},"end":{"line":60,"column":33}},"30":{"start":{"line":62,"column":0},"end":{"line":62,"column":60}},"31":{"start":{"line":65,"column":0},"end":{"line":65,"column":62}},"32":{"start":{"line":67,"column":0},"end":{"line":67,"column":61}},"33":{"start":{"line":72,"column":0},"end":{"line":72,"column":52}},"34":{"start":{"line":74,"column":0},"end":{"line":74,"column":53}},"35":{"start":{"line":76,"column":0},"end":{"line":76,"column":62}},"36":{"start":{"line":78,"column":0},"end":{"line":78,"column":68}},"37":{"start":{"line":83,"column":0},"end":{"line":83,"column":42}},"38":{"start":{"line":85,"column":0},"end":{"line":85,"column":58}},"39":{"start":{"line":87,"column":0},"end":{"line":87,"column":61}},"40":{"start":{"line":93,"column":0},"end":{"line":93,"column":71}},"41":{"start":{"line":96,"column":0},"end":{"line":105,"column":7}},"42":{"start":{"line":98,"column":8},"end":{"line":98,"column":44}},"43":{"start":{"line":99,"column":8},"end":{"line":101,"column":11}},"44":{"start":{"line":100,"column":12},"end":{"line":100,"column":61}},"45":{"start":{"line":104,"column":8},"end":{"line":104,"column":59}},"46":{"start":{"line":108,"column":42},"end":{"line":111,"column":1}},"47":{"start":{"line":109,"column":4},"end":{"line":109,"column":29}},"48":{"start":{"line":110,"column":4},"end":{"line":110,"column":50}},"49":{"start":{"line":113,"column":0},"end":{"line":113,"column":22}},"50":{"start":{"line":115,"column":0},"end":{"line":115,"column":19}}},"fnMap":{"0":{"name":"(anonymous_7)","decl":{"start":{"line":24,"column":13},"end":{"line":24,"column":14}},"loc":{"start":{"line":24,"column":26},"end":{"line":26,"column":3}}},"1":{"name":"(anonymous_8)","decl":{"start":{"line":97,"column":10},"end":{"line":97,"column":13}},"loc":{"start":{"line":97,"column":15},"end":{"line":102,"column":5}}},"2":{"name":"(anonymous_9)","decl":{"start":{"line":99,"column":25},"end":{"line":99,"column":28}},"loc":{"start":{"line":99,"column":30},"end":{"line":101,"column":9}}},"3":{"name":"(anonymous_10)","decl":{"start":{"line":103,"column":11},"end":{"line":103,"column":12}},"loc":{"start":{"line":103,"column":26},"end":{"line":105,"column":5}}},"4":{"name":"(anonymous_11)","decl":{"start":{"line":108,"column":42},"end":{"line":108,"column":43}},"loc":{"start":{"line":108,"column":66},"end":{"line":111,"column":1}}}},"branchMap":{"0":{"loc":{"start":{"line":21,"column":30},"end":{"line":21,"column":73}},"type":"binary-expr","locations":[{"start":{"line":21,"column":30},"end":{"line":21,"column":65}},{"start":{"line":21,"column":69},"end":{"line":21,"column":73}}]}},"s":{"0":5,"1":5,"2":5,"3":5,"4":5,"5":5,"6":5,"7":5,"8":5,"9":5,"10":5,"11":5,"12":5,"13":5,"14":5,"15":5,"16":5,"17":5,"18":0,"19":5,"20":5,"21":5,"22":5,"23":5,"24":5,"25":5,"26":5,"27":5,"28":5,"29":5,"30":5,"31":5,"32":5,"33":5,"34":5,"35":5,"36":5,"37":5,"38":5,"39":5,"40":5,"41":5,"42":5,"43":5,"44":1,"45":0,"46":5,"47":0,"48":0,"49":5,"50":5},"f":{"0":0,"1":5,"2":1,"3":0,"4":0},"b":{"0":[5,0]}}
,"C:\\Users\\A.M\\Desktop\\ANDELA-PROGRAMMING\\My-BRAND-Andre-BE\\src\\authentication\\verifyToken.ts": {"path":"C:\\Users\\A.M\\Desktop\\ANDELA-PROGRAMMING\\My-BRAND-Andre-BE\\src\\authentication\\verifyToken.ts","statementMap":{"0":{"start":{"line":3,"column":0},"end":{"line":3,"column":51}},"1":{"start":{"line":4,"column":0},"end":{"line":4,"column":67}},"2":{"start":{"line":6,"column":0},"end":{"line":6,"column":28}},"3":{"start":{"line":7,"column":0},"end":{"line":7,"column":null}},"4":{"start":{"line":14,"column":27},"end":{"line":40,"column":1}},"5":{"start":{"line":16,"column":25},"end":{"line":16,"column":53}},"6":{"start":{"line":19,"column":4},"end":{"line":39,"column":5}},"7":{"start":{"line":21,"column":23},"end":{"line":21,"column":46}},"8":{"start":{"line":24,"column":8},"end":{"line":26,"column":9}},"9":{"start":{"line":25,"column":12},"end":{"line":25,"column":92}},"10":{"start":{"line":29,"column":28},"end":{"line":29,"column":37}},"11":{"start":{"line":32,"column":9},"end":{"line":32,"column":46}},"12":{"start":{"line":35,"column":8},"end":{"line":35,"column":15}},"13":{"start":{"line":38,"column":8},"end":{"line":38,"column":79}},"14":{"start":{"line":14,"column":13},"end":{"line":14,"column":27}},"15":{"start":{"line":49,"column":23},"end":{"line":63,"column":2}},"16":{"start":{"line":49,"column":71},"end":{"line":63,"column":2}},"17":{"start":{"line":50,"column":4},"end":{"line":62,"column":5}},"18":{"start":{"line":51,"column":24},"end":{"line":51,"column":89}},"19":{"start":{"line":52,"column":21},"end":{"line":52,"column":52}},"20":{"start":{"line":54,"column":8},"end":{"line":57,"column":9}},"21":{"start":{"line":55,"column":12},"end":{"line":55,"column":44}},"22":{"start":{"line":56,"column":12},"end":{"line":56,"column":24}},"23":{"start":{"line":58,"column":8},"end":{"line":58,"column":20}},"24":{"start":{"line":60,"column":8},"end":{"line":60,"column":77}},"25":{"start":{"line":61,"column":8},"end":{"line":61,"column":20}},"26":{"start":{"line":49,"column":13},"end":{"line":49,"column":23}}},"fnMap":{"0":{"name":"(anonymous_8)","decl":{"start":{"line":14,"column":27},"end":{"line":14,"column":28}},"loc":{"start":{"line":14,"column":79},"end":{"line":40,"column":1}}},"1":{"name":"(anonymous_9)","decl":{"start":{"line":49,"column":23},"end":{"line":49,"column":30}},"loc":{"start":{"line":49,"column":71},"end":{"line":63,"column":2}}},"2":{"name":"(anonymous_10)","decl":{"start":{"line":49,"column":71},"end":{"line":49,"column":null}},"loc":{"start":{"line":49,"column":71},"end":{"line":63,"column":1}}}},"branchMap":{"0":{"loc":{"start":{"line":19,"column":4},"end":{"line":39,"column":5}},"type":"if","locations":[{"start":{"line":19,"column":4},"end":{"line":39,"column":5}},{"start":{"line":36,"column":11},"end":{"line":39,"column":5}}]},"1":{"loc":{"start":{"line":24,"column":8},"end":{"line":26,"column":9}},"type":"if","locations":[{"start":{"line":24,"column":8},"end":{"line":26,"column":9}}]},"2":{"loc":{"start":{"line":24,"column":12},"end":{"line":24,"column":57}},"type":"binary-expr","locations":[{"start":{"line":24,"column":12},"end":{"line":24,"column":31}},{"start":{"line":24,"column":35},"end":{"line":24,"column":57}}]},"3":{"loc":{"start":{"line":54,"column":8},"end":{"line":57,"column":9}},"type":"if","locations":[{"start":{"line":54,"column":8},"end":{"line":57,"column":9}}]}},"s":{"0":5,"1":5,"2":5,"3":5,"4":5,"5":23,"6":23,"7":22,"8":22,"9":0,"10":22,"11":22,"12":22,"13":1,"14":5,"15":5,"16":21,"17":21,"18":21,"19":21,"20":21,"21":0,"22":0,"23":21,"24":0,"25":0,"26":5},"f":{"0":23,"1":21,"2":21},"b":{"0":[22,1],"1":[0],"2":[22,22],"3":[0]}}
,"C:\\Users\\A.M\\Desktop\\ANDELA-PROGRAMMING\\My-BRAND-Andre-BE\\src\\controller\\blogController.ts": {"path":"C:\\Users\\A.M\\Desktop\\ANDELA-PROGRAMMING\\My-BRAND-Andre-BE\\src\\controller\\blogController.ts","statementMap":{"0":{"start":{"line":2,"column":0},"end":{"line":2,"column":67}},"1":{"start":{"line":4,"column":0},"end":{"line":4,"column":56}},"2":{"start":{"line":8,"column":26},"end":{"line":32,"column":2}},"3":{"start":{"line":8,"column":80},"end":{"line":32,"column":2}},"4":{"start":{"line":9,"column":4},"end":{"line":31,"column":5}},"5":{"start":{"line":10,"column":21},"end":{"line":10,"column":59}},"6":{"start":{"line":11,"column":24},"end":{"line":11,"column":52}},"7":{"start":{"line":12,"column":8},"end":{"line":16,"column":9}},"8":{"start":{"line":13,"column":12},"end":{"line":13,"column":33}},"9":{"start":{"line":14,"column":12},"end":{"line":14,"column":70}},"10":{"start":{"line":15,"column":12},"end":{"line":15,"column":19}},"11":{"start":{"line":18,"column":8},"end":{"line":26,"column":9}},"12":{"start":{"line":20,"column":12},"end":{"line":23,"column":null}},"13":{"start":{"line":22,"column":20},"end":{"line":22,"column":74}},"14":{"start":{"line":25,"column":12},"end":{"line":25,"column":99}},"15":{"start":{"line":29,"column":8},"end":{"line":29,"column":46}},"16":{"start":{"line":30,"column":8},"end":{"line":30,"column":68}},"17":{"start":{"line":8,"column":13},"end":{"line":8,"column":26}},"18":{"start":{"line":36,"column":25},"end":{"line":49,"column":null}},"19":{"start":{"line":36,"column":77},"end":{"line":49,"column":null}},"20":{"start":{"line":37,"column":4},"end":{"line":48,"column":5}},"21":{"start":{"line":38,"column":22},"end":{"line":38,"column":41}},"22":{"start":{"line":39,"column":8},"end":{"line":43,"column":9}},"23":{"start":{"line":40,"column":12},"end":{"line":40,"column":null}},"24":{"start":{"line":42,"column":12},"end":{"line":42,"column":40}},"25":{"start":{"line":46,"column":8},"end":{"line":46,"column":46}},"26":{"start":{"line":47,"column":8},"end":{"line":47,"column":65}},"27":{"start":{"line":36,"column":13},"end":{"line":36,"column":25}},"28":{"start":{"line":52,"column":29},"end":{"line":67,"column":null}},"29":{"start":{"line":52,"column":81},"end":{"line":67,"column":null}},"30":{"start":{"line":53,"column":4},"end":{"line":66,"column":5}},"31":{"start":{"line":54,"column":26},"end":{"line":54,"column":64}},"32":{"start":{"line":55,"column":8},"end":{"line":61,"column":9}},"33":{"start":{"line":56,"column":25},"end":{"line":56,"column":35}},"34":{"start":{"line":57,"column":25},"end":{"line":57,"column":48}},"35":{"start":{"line":58,"column":12},"end":{"line":58,"column":39}},"36":{"start":{"line":60,"column":12},"end":{"line":60,"column":73}},"37":{"start":{"line":64,"column":8},"end":{"line":64,"column":46}},"38":{"start":{"line":65,"column":8},"end":{"line":65,"column":65}},"39":{"start":{"line":52,"column":13},"end":{"line":52,"column":29}},"40":{"start":{"line":72,"column":29},"end":{"line":92,"column":null}},"41":{"start":{"line":72,"column":81},"end":{"line":92,"column":null}},"42":{"start":{"line":73,"column":4},"end":{"line":91,"column":5}},"43":{"start":{"line":74,"column":21},"end":{"line":74,"column":59}},"44":{"start":{"line":75,"column":8},"end":{"line":86,"column":9}},"45":{"start":{"line":77,"column":25},"end":{"line":77,"column":35}},"46":{"start":{"line":78,"column":25},"end":{"line":78,"column":64}},"47":{"start":{"line":79,"column":12},"end":{"line":81,"column":13}},"48":{"start":{"line":80,"column":16},"end":{"line":80,"column":91}},"49":{"start":{"line":82,"column":12},"end":{"line":82,"column":77}},"50":{"start":{"line":85,"column":12},"end":{"line":85,"column":87}},"51":{"start":{"line":89,"column":8},"end":{"line":89,"column":46}},"52":{"start":{"line":90,"column":8},"end":{"line":90,"column":65}},"53":{"start":{"line":72,"column":13},"end":{"line":72,"column":29}},"54":{"start":{"line":95,"column":26},"end":{"line":114,"column":null}},"55":{"start":{"line":95,"column":78},"end":{"line":114,"column":null}},"56":{"start":{"line":96,"column":4},"end":{"line":112,"column":5}},"57":{"start":{"line":97,"column":26},"end":{"line":97,"column":64}},"58":{"start":{"line":98,"column":8},"end":{"line":107,"column":9}},"59":{"start":{"line":99,"column":25},"end":{"line":99,"column":35}},"60":{"start":{"line":100,"column":25},"end":{"line":100,"column":58}},"61":{"start":{"line":101,"column":12},"end":{"line":103,"column":13}},"62":{"start":{"line":102,"column":16},"end":{"line":102,"column":96}},"63":{"start":{"line":104,"column":12},"end":{"line":104,"column":78}},"64":{"start":{"line":106,"column":12},"end":{"line":106,"column":89}},"65":{"start":{"line":110,"column":8},"end":{"line":110,"column":46}},"66":{"start":{"line":111,"column":8},"end":{"line":111,"column":65}},"67":{"start":{"line":95,"column":13},"end":{"line":95,"column":26}}},"fnMap":{"0":{"name":"(anonymous_13)","decl":{"start":{"line":8,"column":26},"end":{"line":8,"column":33}},"loc":{"start":{"line":8,"column":80},"end":{"line":32,"column":2}}},"1":{"name":"(anonymous_14)","decl":{"start":{"line":8,"column":80},"end":{"line":8,"column":null}},"loc":{"start":{"line":8,"column":80},"end":{"line":32,"column":1}}},"2":{"name":"(anonymous_15)","decl":{"start":{"line":21,"column":22},"end":{"line":21,"column":26}},"loc":{"start":{"line":21,"column":29},"end":{"line":23,"column":17}}},"3":{"name":"(anonymous_16)","decl":{"start":{"line":36,"column":25},"end":{"line":36,"column":31}},"loc":{"start":{"line":36,"column":77},"end":{"line":49,"column":null}}},"4":{"name":"(anonymous_17)","decl":{"start":{"line":36,"column":77},"end":{"line":36,"column":null}},"loc":{"start":{"line":36,"column":77},"end":{"line":49,"column":1}}},"5":{"name":"(anonymous_18)","decl":{"start":{"line":52,"column":29},"end":{"line":52,"column":35}},"loc":{"start":{"line":52,"column":81},"end":{"line":67,"column":null}}},"6":{"name":"(anonymous_19)","decl":{"start":{"line":52,"column":81},"end":{"line":52,"column":null}},"loc":{"start":{"line":52,"column":81},"end":{"line":67,"column":1}}},"7":{"name":"(anonymous_20)","decl":{"start":{"line":72,"column":29},"end":{"line":72,"column":35}},"loc":{"start":{"line":72,"column":81},"end":{"line":92,"column":null}}},"8":{"name":"(anonymous_21)","decl":{"start":{"line":72,"column":81},"end":{"line":72,"column":null}},"loc":{"start":{"line":72,"column":81},"end":{"line":92,"column":1}}},"9":{"name":"(anonymous_22)","decl":{"start":{"line":95,"column":26},"end":{"line":95,"column":32}},"loc":{"start":{"line":95,"column":78},"end":{"line":114,"column":null}}},"10":{"name":"(anonymous_23)","decl":{"start":{"line":95,"column":78},"end":{"line":95,"column":null}},"loc":{"start":{"line":95,"column":78},"end":{"line":114,"column":1}}}},"branchMap":{"0":{"loc":{"start":{"line":12,"column":8},"end":{"line":16,"column":9}},"type":"if","locations":[{"start":{"line":12,"column":8},"end":{"line":16,"column":9}}]},"1":{"loc":{"start":{"line":18,"column":8},"end":{"line":26,"column":9}},"type":"if","locations":[{"start":{"line":18,"column":8},"end":{"line":26,"column":9}},{"start":{"line":24,"column":15},"end":{"line":26,"column":9}}]},"2":{"loc":{"start":{"line":18,"column":12},"end":{"line":18,"column":32}},"type":"binary-expr","locations":[{"start":{"line":18,"column":12},"end":{"line":18,"column":16}},{"start":{"line":18,"column":20},"end":{"line":18,"column":32}}]},"3":{"loc":{"start":{"line":39,"column":8},"end":{"line":43,"column":9}},"type":"if","locations":[{"start":{"line":39,"column":8},"end":{"line":43,"column":9}},{"start":{"line":41,"column":13},"end":{"line":43,"column":9}}]},"4":{"loc":{"start":{"line":55,"column":8},"end":{"line":61,"column":9}},"type":"if","locations":[{"start":{"line":55,"column":8},"end":{"line":61,"column":9}},{"start":{"line":59,"column":14},"end":{"line":61,"column":9}}]},"5":{"loc":{"start":{"line":75,"column":8},"end":{"line":86,"column":9}},"type":"if","locations":[{"start":{"line":75,"column":8},"end":{"line":86,"column":9}},{"start":{"line":84,"column":13},"end":{"line":86,"column":9}}]},"6":{"loc":{"start":{"line":75,"column":11},"end":{"line":75,"column":31}},"type":"binary-expr","locations":[{"start":{"line":75,"column":11},"end":{"line":75,"column":15}},{"start":{"line":75,"column":19},"end":{"line":75,"column":31}}]},"7":{"loc":{"start":{"line":79,"column":12},"end":{"line":81,"column":13}},"type":"if","locations":[{"start":{"line":79,"column":12},"end":{"line":81,"column":13}}]},"8":{"loc":{"start":{"line":98,"column":8},"end":{"line":107,"column":9}},"type":"if","locations":[{"start":{"line":98,"column":8},"end":{"line":107,"column":9}},{"start":{"line":105,"column":14},"end":{"line":107,"column":9}}]},"9":{"loc":{"start":{"line":98,"column":11},"end":{"line":98,"column":41}},"type":"binary-expr","locations":[{"start":{"line":98,"column":11},"end":{"line":98,"column":20}},{"start":{"line":98,"column":24},"end":{"line":98,"column":41}}]},"10":{"loc":{"start":{"line":101,"column":12},"end":{"line":103,"column":13}},"type":"if","locations":[{"start":{"line":101,"column":12},"end":{"line":103,"column":13}}]}},"s":{"0":5,"1":5,"2":5,"3":2,"4":2,"5":2,"6":2,"7":2,"8":1,"9":1,"10":1,"11":1,"12":1,"13":1,"14":0,"15":0,"16":0,"17":5,"18":5,"19":2,"20":2,"21":2,"22":2,"23":1,"24":1,"25":0,"26":0,"27":5,"28":5,"29":1,"30":1,"31":1,"32":1,"33":1,"34":1,"35":1,"36":0,"37":0,"38":0,"39":5,"40":5,"41":1,"42":1,"43":1,"44":1,"45":1,"46":1,"47":1,"48":0,"49":1,"50":0,"51":0,"52":0,"53":5,"54":5,"55":1,"56":1,"57":1,"58":1,"59":1,"60":1,"61":1,"62":0,"63":1,"64":0,"65":0,"66":0,"67":5},"f":{"0":2,"1":2,"2":1,"3":2,"4":2,"5":1,"6":1,"7":1,"8":1,"9":1,"10":1},"b":{"0":[1],"1":[1,0],"2":[1,1],"3":[1,1],"4":[1,0],"5":[1,0],"6":[1,1],"7":[0],"8":[1,0],"9":[1,1],"10":[0]}}
,"C:\\Users\\A.M\\Desktop\\ANDELA-PROGRAMMING\\My-BRAND-Andre-BE\\src\\controller\\categoryController.ts": {"path":"C:\\Users\\A.M\\Desktop\\ANDELA-PROGRAMMING\\My-BRAND-Andre-BE\\src\\controller\\categoryController.ts","statementMap":{"0":{"start":{"line":2,"column":0},"end":{"line":2,"column":89}},"1":{"start":{"line":4,"column":0},"end":{"line":4,"column":56}},"2":{"start":{"line":6,"column":30},"end":{"line":35,"column":null}},"3":{"start":{"line":6,"column":82},"end":{"line":35,"column":null}},"4":{"start":{"line":7,"column":4},"end":{"line":34,"column":5}},"5":{"start":{"line":8,"column":26},"end":{"line":8,"column":64}},"6":{"start":{"line":9,"column":8},"end":{"line":29,"column":9}},"7":{"start":{"line":10,"column":35},"end":{"line":10,"column":43}},"8":{"start":{"line":11,"column":16},"end":{"line":13,"column":17}},"9":{"start":{"line":12,"column":20},"end":{"line":12,"column":92}},"10":{"start":{"line":15,"column":32},"end":{"line":15,"column":67}},"11":{"start":{"line":16,"column":16},"end":{"line":19,"column":17}},"12":{"start":{"line":17,"column":20},"end":{"line":17,"column":41}},"13":{"start":{"line":18,"column":20},"end":{"line":18,"column":78}},"14":{"start":{"line":20,"column":43},"end":{"line":20,"column":78}},"15":{"start":{"line":21,"column":16},"end":{"line":23,"column":17}},"16":{"start":{"line":22,"column":20},"end":{"line":22,"column":104}},"17":{"start":{"line":25,"column":36},"end":{"line":25,"column":68}},"18":{"start":{"line":26,"column":16},"end":{"line":26,"column":50}},"19":{"start":{"line":28,"column":12},"end":{"line":28,"column":82}},"20":{"start":{"line":32,"column":8},"end":{"line":32,"column":46}},"21":{"start":{"line":33,"column":8},"end":{"line":33,"column":65}},"22":{"start":{"line":6,"column":13},"end":{"line":6,"column":30}},"23":{"start":{"line":37,"column":32},"end":{"line":55,"column":null}},"24":{"start":{"line":37,"column":84},"end":{"line":55,"column":null}},"25":{"start":{"line":38,"column":4},"end":{"line":54,"column":5}},"26":{"start":{"line":39,"column":26},"end":{"line":39,"column":64}},"27":{"start":{"line":40,"column":8},"end":{"line":49,"column":9}},"28":{"start":{"line":41,"column":35},"end":{"line":41,"column":59}},"29":{"start":{"line":42,"column":16},"end":{"line":42,"column":40}},"30":{"start":{"line":43,"column":16},"end":{"line":45,"column":17}},"31":{"start":{"line":44,"column":20},"end":{"line":44,"column":null}},"32":{"start":{"line":46,"column":16},"end":{"line":46,"column":49}},"33":{"start":{"line":48,"column":12},"end":{"line":48,"column":82}},"34":{"start":{"line":52,"column":8},"end":{"line":52,"column":46}},"35":{"start":{"line":53,"column":8},"end":{"line":53,"column":65}},"36":{"start":{"line":37,"column":13},"end":{"line":37,"column":32}},"37":{"start":{"line":57,"column":30},"end":{"line":77,"column":null}},"38":{"start":{"line":57,"column":82},"end":{"line":77,"column":null}},"39":{"start":{"line":58,"column":4},"end":{"line":75,"column":5}},"40":{"start":{"line":60,"column":26},"end":{"line":60,"column":64}},"41":{"start":{"line":61,"column":8},"end":{"line":70,"column":9}},"42":{"start":{"line":62,"column":25},"end":{"line":62,"column":35}},"43":{"start":{"line":63,"column":29},"end":{"line":63,"column":67}},"44":{"start":{"line":64,"column":12},"end":{"line":66,"column":13}},"45":{"start":{"line":65,"column":16},"end":{"line":65,"column":96}},"46":{"start":{"line":67,"column":12},"end":{"line":67,"column":87}},"47":{"start":{"line":69,"column":12},"end":{"line":69,"column":82}},"48":{"start":{"line":73,"column":8},"end":{"line":73,"column":46}},"49":{"start":{"line":74,"column":8},"end":{"line":74,"column":65}},"50":{"start":{"line":57,"column":13},"end":{"line":57,"column":30}}},"fnMap":{"0":{"name":"(anonymous_13)","decl":{"start":{"line":6,"column":30},"end":{"line":6,"column":36}},"loc":{"start":{"line":6,"column":82},"end":{"line":35,"column":null}}},"1":{"name":"(anonymous_14)","decl":{"start":{"line":6,"column":82},"end":{"line":6,"column":null}},"loc":{"start":{"line":6,"column":82},"end":{"line":35,"column":1}}},"2":{"name":"(anonymous_15)","decl":{"start":{"line":37,"column":32},"end":{"line":37,"column":38}},"loc":{"start":{"line":37,"column":84},"end":{"line":55,"column":null}}},"3":{"name":"(anonymous_16)","decl":{"start":{"line":37,"column":84},"end":{"line":37,"column":null}},"loc":{"start":{"line":37,"column":84},"end":{"line":55,"column":1}}},"4":{"name":"(anonymous_17)","decl":{"start":{"line":57,"column":30},"end":{"line":57,"column":36}},"loc":{"start":{"line":57,"column":82},"end":{"line":77,"column":null}}},"5":{"name":"(anonymous_18)","decl":{"start":{"line":57,"column":82},"end":{"line":57,"column":null}},"loc":{"start":{"line":57,"column":82},"end":{"line":77,"column":1}}}},"branchMap":{"0":{"loc":{"start":{"line":9,"column":8},"end":{"line":29,"column":9}},"type":"if","locations":[{"start":{"line":9,"column":8},"end":{"line":29,"column":9}},{"start":{"line":27,"column":14},"end":{"line":29,"column":9}}]},"1":{"loc":{"start":{"line":9,"column":11},"end":{"line":9,"column":41}},"type":"binary-expr","locations":[{"start":{"line":9,"column":11},"end":{"line":9,"column":20}},{"start":{"line":9,"column":24},"end":{"line":9,"column":41}}]},"2":{"loc":{"start":{"line":11,"column":16},"end":{"line":13,"column":17}},"type":"if","locations":[{"start":{"line":11,"column":16},"end":{"line":13,"column":17}}]},"3":{"loc":{"start":{"line":16,"column":16},"end":{"line":19,"column":17}},"type":"if","locations":[{"start":{"line":16,"column":16},"end":{"line":19,"column":17}}]},"4":{"loc":{"start":{"line":21,"column":16},"end":{"line":23,"column":17}},"type":"if","locations":[{"start":{"line":21,"column":16},"end":{"line":23,"column":17}}]},"5":{"loc":{"start":{"line":40,"column":8},"end":{"line":49,"column":9}},"type":"if","locations":[{"start":{"line":40,"column":8},"end":{"line":49,"column":9}},{"start":{"line":47,"column":14},"end":{"line":49,"column":9}}]},"6":{"loc":{"start":{"line":40,"column":11},"end":{"line":40,"column":41}},"type":"binary-expr","locations":[{"start":{"line":40,"column":11},"end":{"line":40,"column":20}},{"start":{"line":40,"column":24},"end":{"line":40,"column":41}}]},"7":{"loc":{"start":{"line":43,"column":16},"end":{"line":45,"column":17}},"type":"if","locations":[{"start":{"line":43,"column":16},"end":{"line":45,"column":17}}]},"8":{"loc":{"start":{"line":61,"column":8},"end":{"line":70,"column":9}},"type":"if","locations":[{"start":{"line":61,"column":8},"end":{"line":70,"column":9}},{"start":{"line":68,"column":14},"end":{"line":70,"column":9}}]},"9":{"loc":{"start":{"line":61,"column":11},"end":{"line":61,"column":41}},"type":"binary-expr","locations":[{"start":{"line":61,"column":11},"end":{"line":61,"column":20}},{"start":{"line":61,"column":24},"end":{"line":61,"column":41}}]},"10":{"loc":{"start":{"line":64,"column":12},"end":{"line":66,"column":13}},"type":"if","locations":[{"start":{"line":64,"column":12},"end":{"line":66,"column":13}}]}},"s":{"0":5,"1":5,"2":5,"3":5,"4":5,"5":5,"6":5,"7":5,"8":5,"9":4,"10":1,"11":1,"12":0,"13":0,"14":1,"15":1,"16":0,"17":1,"18":1,"19":0,"20":0,"21":0,"22":5,"23":5,"24":1,"25":1,"26":1,"27":1,"28":1,"29":1,"30":1,"31":0,"32":1,"33":0,"34":0,"35":0,"36":5,"37":5,"38":1,"39":1,"40":1,"41":1,"42":1,"43":1,"44":1,"45":0,"46":1,"47":0,"48":0,"49":0,"50":5},"f":{"0":5,"1":5,"2":1,"3":1,"4":1,"5":1},"b":{"0":[5,0],"1":[5,5],"2":[4],"3":[0],"4":[0],"5":[1,0],"6":[1,1],"7":[0],"8":[1,0],"9":[1,1],"10":[0]}}
,"C:\\Users\\A.M\\Desktop\\ANDELA-PROGRAMMING\\My-BRAND-Andre-BE\\src\\controller\\commentController.ts": {"path":"C:\\Users\\A.M\\Desktop\\ANDELA-PROGRAMMING\\My-BRAND-Andre-BE\\src\\controller\\commentController.ts","statementMap":{"0":{"start":{"line":2,"column":0},"end":{"line":2,"column":78}},"1":{"start":{"line":3,"column":0},"end":{"line":3,"column":56}},"2":{"start":{"line":6,"column":29},"end":{"line":30,"column":2}},"3":{"start":{"line":6,"column":80},"end":{"line":30,"column":2}},"4":{"start":{"line":7,"column":4},"end":{"line":29,"column":5}},"5":{"start":{"line":8,"column":57},"end":{"line":8,"column":65}},"6":{"start":{"line":9,"column":8},"end":{"line":11,"column":9}},"7":{"start":{"line":10,"column":12},"end":{"line":10,"column":117}},"8":{"start":{"line":12,"column":24},"end":{"line":12,"column":54}},"9":{"start":{"line":13,"column":8},"end":{"line":16,"column":9}},"10":{"start":{"line":14,"column":12},"end":{"line":14,"column":33}},"11":{"start":{"line":15,"column":12},"end":{"line":15,"column":70}},"12":{"start":{"line":17,"column":26},"end":{"line":17,"column":64}},"13":{"start":{"line":18,"column":8},"end":{"line":24,"column":9}},"14":{"start":{"line":19,"column":29},"end":{"line":19,"column":59}},"15":{"start":{"line":20,"column":12},"end":{"line":20,"column":43}},"16":{"start":{"line":22,"column":12},"end":{"line":22,"column":73}},"17":{"start":{"line":27,"column":8},"end":{"line":27,"column":46}},"18":{"start":{"line":28,"column":8},"end":{"line":28,"column":65}},"19":{"start":{"line":6,"column":13},"end":{"line":6,"column":29}},"20":{"start":{"line":32,"column":32},"end":{"line":51,"column":null}},"21":{"start":{"line":32,"column":84},"end":{"line":51,"column":null}},"22":{"start":{"line":33,"column":4},"end":{"line":50,"column":5}},"23":{"start":{"line":34,"column":26},"end":{"line":34,"column":64}},"24":{"start":{"line":35,"column":8},"end":{"line":45,"column":9}},"25":{"start":{"line":36,"column":29},"end":{"line":36,"column":51}},"26":{"start":{"line":37,"column":12},"end":{"line":41,"column":13}},"27":{"start":{"line":38,"column":16},"end":{"line":38,"column":47}},"28":{"start":{"line":40,"column":16},"end":{"line":40,"column":null}},"29":{"start":{"line":44,"column":12},"end":{"line":44,"column":73}},"30":{"start":{"line":48,"column":8},"end":{"line":48,"column":46}},"31":{"start":{"line":49,"column":8},"end":{"line":49,"column":65}},"32":{"start":{"line":32,"column":13},"end":{"line":32,"column":32}},"33":{"start":{"line":54,"column":34},"end":{"line":75,"column":null}},"34":{"start":{"line":54,"column":86},"end":{"line":75,"column":null}},"35":{"start":{"line":55,"column":4},"end":{"line":74,"column":5}},"36":{"start":{"line":56,"column":26},"end":{"line":56,"column":64}},"37":{"start":{"line":57,"column":8},"end":{"line":69,"column":9}},"38":{"start":{"line":58,"column":29},"end":{"line":58,"column":39}},"39":{"start":{"line":59,"column":12},"end":{"line":59,"column":32}},"40":{"start":{"line":60,"column":28},"end":{"line":60,"column":63}},"41":{"start":{"line":61,"column":12},"end":{"line":65,"column":13}},"42":{"start":{"line":62,"column":16},"end":{"line":62,"column":46}},"43":{"start":{"line":64,"column":16},"end":{"line":64,"column":97}},"44":{"start":{"line":68,"column":12},"end":{"line":68,"column":73}},"45":{"start":{"line":72,"column":8},"end":{"line":72,"column":46}},"46":{"start":{"line":73,"column":8},"end":{"line":73,"column":65}},"47":{"start":{"line":54,"column":13},"end":{"line":54,"column":34}},"48":{"start":{"line":77,"column":38},"end":{"line":101,"column":2}},"49":{"start":{"line":77,"column":92},"end":{"line":101,"column":2}},"50":{"start":{"line":78,"column":4},"end":{"line":100,"column":5}},"51":{"start":{"line":79,"column":26},"end":{"line":79,"column":64}},"52":{"start":{"line":80,"column":8},"end":{"line":96,"column":9}},"53":{"start":{"line":82,"column":34},"end":{"line":82,"column":47}},"54":{"start":{"line":83,"column":33},"end":{"line":83,"column":43}},"55":{"start":{"line":84,"column":31},"end":{"line":84,"column":39}},"56":{"start":{"line":85,"column":12},"end":{"line":85,"column":35}},"57":{"start":{"line":86,"column":40},"end":{"line":86,"column":75}},"58":{"start":{"line":87,"column":12},"end":{"line":87,"column":45}},"59":{"start":{"line":89,"column":28},"end":{"line":89,"column":109}},"60":{"start":{"line":90,"column":12},"end":{"line":92,"column":13}},"61":{"start":{"line":91,"column":16},"end":{"line":91,"column":78}},"62":{"start":{"line":93,"column":12},"end":{"line":93,"column":94}},"63":{"start":{"line":95,"column":12},"end":{"line":95,"column":95}},"64":{"start":{"line":98,"column":8},"end":{"line":98,"column":29}},"65":{"start":{"line":99,"column":8},"end":{"line":99,"column":67}},"66":{"start":{"line":77,"column":13},"end":{"line":77,"column":38}}},"fnMap":{"0":{"name":"(anonymous_13)","decl":{"start":{"line":6,"column":29},"end":{"line":6,"column":35}},"loc":{"start":{"line":6,"column":80},"end":{"line":30,"column":2}}},"1":{"name":"(anonymous_14)","decl":{"start":{"line":6,"column":80},"end":{"line":6,"column":null}},"loc":{"start":{"line":6,"column":80},"end":{"line":30,"column":1}}},"2":{"name":"(anonymous_15)","decl":{"start":{"line":32,"column":32},"end":{"line":32,"column":38}},"loc":{"start":{"line":32,"column":84},"end":{"line":51,"column":null}}},"3":{"name":"(anonymous_16)","decl":{"start":{"line":32,"column":84},"end":{"line":32,"column":null}},"loc":{"start":{"line":32,"column":84},"end":{"line":51,"column":1}}},"4":{"name":"(anonymous_17)","decl":{"start":{"line":54,"column":34},"end":{"line":54,"column":40}},"loc":{"start":{"line":54,"column":86},"end":{"line":75,"column":null}}},"5":{"name":"(anonymous_18)","decl":{"start":{"line":54,"column":86},"end":{"line":54,"column":null}},"loc":{"start":{"line":54,"column":86},"end":{"line":75,"column":1}}},"6":{"name":"(anonymous_19)","decl":{"start":{"line":77,"column":38},"end":{"line":77,"column":45}},"loc":{"start":{"line":77,"column":92},"end":{"line":101,"column":2}}},"7":{"name":"(anonymous_20)","decl":{"start":{"line":77,"column":92},"end":{"line":77,"column":null}},"loc":{"start":{"line":77,"column":92},"end":{"line":101,"column":1}}}},"branchMap":{"0":{"loc":{"start":{"line":9,"column":8},"end":{"line":11,"column":9}},"type":"if","locations":[{"start":{"line":9,"column":8},"end":{"line":11,"column":9}}]},"1":{"loc":{"start":{"line":9,"column":11},"end":{"line":9,"column":60}},"type":"binary-expr","locations":[{"start":{"line":9,"column":11},"end":{"line":9,"column":18}},{"start":{"line":9,"column":22},"end":{"line":9,"column":29}},{"start":{"line":9,"column":33},"end":{"line":9,"column":44}},{"start":{"line":9,"column":48},"end":{"line":9,"column":60}}]},"2":{"loc":{"start":{"line":13,"column":8},"end":{"line":16,"column":9}},"type":"if","locations":[{"start":{"line":13,"column":8},"end":{"line":16,"column":9}}]},"3":{"loc":{"start":{"line":18,"column":8},"end":{"line":24,"column":9}},"type":"if","locations":[{"start":{"line":18,"column":8},"end":{"line":24,"column":9}},{"start":{"line":21,"column":14},"end":{"line":24,"column":9}}]},"4":{"loc":{"start":{"line":35,"column":8},"end":{"line":45,"column":9}},"type":"if","locations":[{"start":{"line":35,"column":8},"end":{"line":45,"column":9}},{"start":{"line":43,"column":14},"end":{"line":45,"column":9}}]},"5":{"loc":{"start":{"line":37,"column":12},"end":{"line":41,"column":13}},"type":"if","locations":[{"start":{"line":37,"column":12},"end":{"line":41,"column":13}},{"start":{"line":39,"column":17},"end":{"line":41,"column":13}}]},"6":{"loc":{"start":{"line":57,"column":8},"end":{"line":69,"column":9}},"type":"if","locations":[{"start":{"line":57,"column":8},"end":{"line":69,"column":9}},{"start":{"line":67,"column":14},"end":{"line":69,"column":9}}]},"7":{"loc":{"start":{"line":61,"column":12},"end":{"line":65,"column":13}},"type":"if","locations":[{"start":{"line":61,"column":12},"end":{"line":65,"column":13}},{"start":{"line":63,"column":17},"end":{"line":65,"column":13}}]},"8":{"loc":{"start":{"line":80,"column":8},"end":{"line":96,"column":9}},"type":"if","locations":[{"start":{"line":80,"column":8},"end":{"line":96,"column":9}},{"start":{"line":94,"column":15},"end":{"line":96,"column":9}}]},"9":{"loc":{"start":{"line":90,"column":12},"end":{"line":92,"column":13}},"type":"if","locations":[{"start":{"line":90,"column":12},"end":{"line":92,"column":13}}]}},"s":{"0":5,"1":5,"2":5,"3":2,"4":2,"5":2,"6":2,"7":1,"8":1,"9":1,"10":0,"11":0,"12":1,"13":1,"14":1,"15":1,"16":0,"17":0,"18":0,"19":5,"20":5,"21":1,"22":1,"23":1,"24":1,"25":1,"26":1,"27":1,"28":0,"29":0,"30":0,"31":0,"32":5,"33":5,"34":1,"35":1,"36":1,"37":1,"38":1,"39":1,"40":1,"41":1,"42":1,"43":0,"44":0,"45":0,"46":0,"47":5,"48":5,"49":0,"50":0,"51":0,"52":0,"53":0,"54":0,"55":0,"56":0,"57":0,"58":0,"59":0,"60":0,"61":0,"62":0,"63":0,"64":0,"65":0,"66":5},"f":{"0":2,"1":2,"2":1,"3":1,"4":1,"5":1,"6":0,"7":0},"b":{"0":[1],"1":[2,1,1,1],"2":[0],"3":[1,0],"4":[1,0],"5":[1,0],"6":[1,0],"7":[1,0],"8":[0,0],"9":[0]}}
,"C:\\Users\\A.M\\Desktop\\ANDELA-PROGRAMMING\\My-BRAND-Andre-BE\\src\\controller\\contactMsgController.ts": {"path":"C:\\Users\\A.M\\Desktop\\ANDELA-PROGRAMMING\\My-BRAND-Andre-BE\\src\\controller\\contactMsgController.ts","statementMap":{"0":{"start":{"line":2,"column":0},"end":{"line":2,"column":80}},"1":{"start":{"line":3,"column":0},"end":{"line":3,"column":56}},"2":{"start":{"line":8,"column":32},"end":{"line":27,"column":null}},"3":{"start":{"line":8,"column":84},"end":{"line":27,"column":null}},"4":{"start":{"line":9,"column":4},"end":{"line":26,"column":5}},"5":{"start":{"line":10,"column":36},"end":{"line":10,"column":44}},"6":{"start":{"line":11,"column":8},"end":{"line":13,"column":9}},"7":{"start":{"line":12,"column":12},"end":{"line":12,"column":95}},"8":{"start":{"line":15,"column":23},"end":{"line":15,"column":46}},"9":{"start":{"line":16,"column":8},"end":{"line":19,"column":9}},"10":{"start":{"line":17,"column":12},"end":{"line":17,"column":33}},"11":{"start":{"line":18,"column":12},"end":{"line":18,"column":70}},"12":{"start":{"line":21,"column":28},"end":{"line":21,"column":61}},"13":{"start":{"line":22,"column":8},"end":{"line":22,"column":42}},"14":{"start":{"line":24,"column":8},"end":{"line":24,"column":46}},"15":{"start":{"line":25,"column":8},"end":{"line":25,"column":65}},"16":{"start":{"line":8,"column":13},"end":{"line":8,"column":32}},"17":{"start":{"line":30,"column":34},"end":{"line":49,"column":null}},"18":{"start":{"line":30,"column":86},"end":{"line":49,"column":null}},"19":{"start":{"line":31,"column":4},"end":{"line":48,"column":5}},"20":{"start":{"line":32,"column":26},"end":{"line":32,"column":64}},"21":{"start":{"line":33,"column":8},"end":{"line":43,"column":9}},"22":{"start":{"line":34,"column":32},"end":{"line":34,"column":57}},"23":{"start":{"line":35,"column":12},"end":{"line":39,"column":13}},"24":{"start":{"line":36,"column":16},"end":{"line":36,"column":50}},"25":{"start":{"line":38,"column":16},"end":{"line":38,"column":null}},"26":{"start":{"line":42,"column":12},"end":{"line":42,"column":88}},"27":{"start":{"line":46,"column":8},"end":{"line":46,"column":46}},"28":{"start":{"line":47,"column":8},"end":{"line":47,"column":65}},"29":{"start":{"line":30,"column":13},"end":{"line":30,"column":34}},"30":{"start":{"line":52,"column":35},"end":{"line":70,"column":null}},"31":{"start":{"line":52,"column":87},"end":{"line":70,"column":null}},"32":{"start":{"line":53,"column":4},"end":{"line":69,"column":5}},"33":{"start":{"line":54,"column":26},"end":{"line":54,"column":64}},"34":{"start":{"line":55,"column":8},"end":{"line":64,"column":9}},"35":{"start":{"line":56,"column":25},"end":{"line":56,"column":35}},"36":{"start":{"line":57,"column":28},"end":{"line":57,"column":104}},"37":{"start":{"line":58,"column":12},"end":{"line":60,"column":13}},"38":{"start":{"line":59,"column":16},"end":{"line":59,"column":null}},"39":{"start":{"line":61,"column":12},"end":{"line":61,"column":42}},"40":{"start":{"line":63,"column":12},"end":{"line":63,"column":88}},"41":{"start":{"line":67,"column":8},"end":{"line":67,"column":46}},"42":{"start":{"line":68,"column":8},"end":{"line":68,"column":65}},"43":{"start":{"line":52,"column":13},"end":{"line":52,"column":35}}},"fnMap":{"0":{"name":"(anonymous_13)","decl":{"start":{"line":8,"column":32},"end":{"line":8,"column":38}},"loc":{"start":{"line":8,"column":84},"end":{"line":27,"column":null}}},"1":{"name":"(anonymous_14)","decl":{"start":{"line":8,"column":84},"end":{"line":8,"column":null}},"loc":{"start":{"line":8,"column":84},"end":{"line":27,"column":1}}},"2":{"name":"(anonymous_15)","decl":{"start":{"line":30,"column":34},"end":{"line":30,"column":40}},"loc":{"start":{"line":30,"column":86},"end":{"line":49,"column":null}}},"3":{"name":"(anonymous_16)","decl":{"start":{"line":30,"column":86},"end":{"line":30,"column":null}},"loc":{"start":{"line":30,"column":86},"end":{"line":49,"column":1}}},"4":{"name":"(anonymous_17)","decl":{"start":{"line":52,"column":35},"end":{"line":52,"column":41}},"loc":{"start":{"line":52,"column":87},"end":{"line":70,"column":null}}},"5":{"name":"(anonymous_18)","decl":{"start":{"line":52,"column":87},"end":{"line":52,"column":null}},"loc":{"start":{"line":52,"column":87},"end":{"line":70,"column":1}}}},"branchMap":{"0":{"loc":{"start":{"line":11,"column":8},"end":{"line":13,"column":9}},"type":"if","locations":[{"start":{"line":11,"column":8},"end":{"line":13,"column":9}}]},"1":{"loc":{"start":{"line":11,"column":11},"end":{"line":11,"column":34}},"type":"binary-expr","locations":[{"start":{"line":11,"column":11},"end":{"line":11,"column":16}},{"start":{"line":11,"column":20},"end":{"line":11,"column":26}},{"start":{"line":11,"column":30},"end":{"line":11,"column":34}}]},"2":{"loc":{"start":{"line":16,"column":8},"end":{"line":19,"column":9}},"type":"if","locations":[{"start":{"line":16,"column":8},"end":{"line":19,"column":9}}]},"3":{"loc":{"start":{"line":33,"column":8},"end":{"line":43,"column":9}},"type":"if","locations":[{"start":{"line":33,"column":8},"end":{"line":43,"column":9}},{"start":{"line":41,"column":14},"end":{"line":43,"column":9}}]},"4":{"loc":{"start":{"line":33,"column":11},"end":{"line":33,"column":41}},"type":"binary-expr","locations":[{"start":{"line":33,"column":11},"end":{"line":33,"column":20}},{"start":{"line":33,"column":24},"end":{"line":33,"column":41}}]},"5":{"loc":{"start":{"line":35,"column":12},"end":{"line":39,"column":13}},"type":"if","locations":[{"start":{"line":35,"column":12},"end":{"line":39,"column":13}},{"start":{"line":37,"column":17},"end":{"line":39,"column":13}}]},"6":{"loc":{"start":{"line":55,"column":8},"end":{"line":64,"column":9}},"type":"if","locations":[{"start":{"line":55,"column":8},"end":{"line":64,"column":9}},{"start":{"line":62,"column":14},"end":{"line":64,"column":9}}]},"7":{"loc":{"start":{"line":55,"column":11},"end":{"line":55,"column":41}},"type":"binary-expr","locations":[{"start":{"line":55,"column":11},"end":{"line":55,"column":20}},{"start":{"line":55,"column":24},"end":{"line":55,"column":41}}]},"8":{"loc":{"start":{"line":58,"column":12},"end":{"line":60,"column":13}},"type":"if","locations":[{"start":{"line":58,"column":12},"end":{"line":60,"column":13}}]}},"s":{"0":5,"1":5,"2":5,"3":1,"4":1,"5":1,"6":1,"7":0,"8":1,"9":1,"10":0,"11":0,"12":1,"13":1,"14":0,"15":0,"16":5,"17":5,"18":1,"19":1,"20":1,"21":1,"22":1,"23":1,"24":1,"25":0,"26":0,"27":0,"28":0,"29":5,"30":5,"31":1,"32":1,"33":1,"34":1,"35":1,"36":1,"37":1,"38":0,"39":1,"40":0,"41":0,"42":0,"43":5},"f":{"0":1,"1":1,"2":1,"3":1,"4":1,"5":1},"b":{"0":[0],"1":[1,1,1],"2":[0],"3":[1,0],"4":[1,1],"5":[1,0],"6":[1,0],"7":[1,1],"8":[0]}}
,"C:\\Users\\A.M\\Desktop\\ANDELA-PROGRAMMING\\My-BRAND-Andre-BE\\src\\controller\\userController.ts": {"path":"C:\\Users\\A.M\\Desktop\\ANDELA-PROGRAMMING\\My-BRAND-Andre-BE\\src\\controller\\userController.ts","statementMap":{"0":{"start":{"line":2,"column":0},"end":{"line":2,"column":28}},"1":{"start":{"line":3,"column":0},"end":{"line":3,"column":71}},"2":{"start":{"line":4,"column":0},"end":{"line":4,"column":40}},"3":{"start":{"line":5,"column":0},"end":{"line":5,"column":56}},"4":{"start":{"line":6,"column":0},"end":{"line":6,"column":28}},"5":{"start":{"line":7,"column":0},"end":{"line":7,"column":16}},"6":{"start":{"line":13,"column":26},"end":{"line":53,"column":2}},"7":{"start":{"line":13,"column":80},"end":{"line":53,"column":2}},"8":{"start":{"line":14,"column":4},"end":{"line":52,"column":5}},"9":{"start":{"line":17,"column":55},"end":{"line":17,"column":63}},"10":{"start":{"line":19,"column":8},"end":{"line":21,"column":9}},"11":{"start":{"line":20,"column":12},"end":{"line":20,"column":114}},"12":{"start":{"line":23,"column":24},"end":{"line":23,"column":51}},"13":{"start":{"line":25,"column":8},"end":{"line":28,"column":9}},"14":{"start":{"line":26,"column":12},"end":{"line":26,"column":33}},"15":{"start":{"line":27,"column":12},"end":{"line":27,"column":70}},"16":{"start":{"line":32,"column":34},"end":{"line":32,"column":62}},"17":{"start":{"line":33,"column":8},"end":{"line":35,"column":9}},"18":{"start":{"line":34,"column":12},"end":{"line":34,"column":127}},"19":{"start":{"line":38,"column":31},"end":{"line":38,"column":62}},"20":{"start":{"line":41,"column":21},"end":{"line":46,"column":10}},"21":{"start":{"line":48,"column":8},"end":{"line":48,"column":35}},"22":{"start":{"line":50,"column":8},"end":{"line":50,"column":46}},"23":{"start":{"line":51,"column":8},"end":{"line":51,"column":67}},"24":{"start":{"line":13,"column":13},"end":{"line":13,"column":26}},"25":{"start":{"line":57,"column":21},"end":{"line":87,"column":null}},"26":{"start":{"line":57,"column":72},"end":{"line":87,"column":null}},"27":{"start":{"line":58,"column":8},"end":{"line":86,"column":9}},"28":{"start":{"line":59,"column":38},"end":{"line":59,"column":46}},"29":{"start":{"line":61,"column":12},"end":{"line":63,"column":13}},"30":{"start":{"line":62,"column":16},"end":{"line":62,"column":89}},"31":{"start":{"line":65,"column":30},"end":{"line":65,"column":58}},"32":{"start":{"line":66,"column":12},"end":{"line":68,"column":13}},"33":{"start":{"line":67,"column":16},"end":{"line":67,"column":85}},"34":{"start":{"line":70,"column":34},"end":{"line":70,"column":84}},"35":{"start":{"line":71,"column":12},"end":{"line":73,"column":13}},"36":{"start":{"line":72,"column":16},"end":{"line":72,"column":79}},"37":{"start":{"line":76,"column":28},"end":{"line":78,"column":null}},"38":{"start":{"line":79,"column":26},"end":{"line":79,"column":99}},"39":{"start":{"line":80,"column":12},"end":{"line":80,"column":null}},"40":{"start":{"line":84,"column":12},"end":{"line":84,"column":50}},"41":{"start":{"line":85,"column":12},"end":{"line":85,"column":71}},"42":{"start":{"line":57,"column":13},"end":{"line":57,"column":21}},"43":{"start":{"line":90,"column":26},"end":{"line":104,"column":null}},"44":{"start":{"line":90,"column":78},"end":{"line":104,"column":null}},"45":{"start":{"line":91,"column":4},"end":{"line":103,"column":5}},"46":{"start":{"line":92,"column":26},"end":{"line":92,"column":64}},"47":{"start":{"line":93,"column":8},"end":{"line":98,"column":9}},"48":{"start":{"line":94,"column":26},"end":{"line":94,"column":63}},"49":{"start":{"line":95,"column":12},"end":{"line":95,"column":40}},"50":{"start":{"line":97,"column":12},"end":{"line":97,"column":87}},"51":{"start":{"line":101,"column":8},"end":{"line":101,"column":46}},"52":{"start":{"line":102,"column":8},"end":{"line":102,"column":65}},"53":{"start":{"line":90,"column":13},"end":{"line":90,"column":26}},"54":{"start":{"line":107,"column":29},"end":{"line":122,"column":null}},"55":{"start":{"line":107,"column":81},"end":{"line":122,"column":null}},"56":{"start":{"line":108,"column":4},"end":{"line":121,"column":5}},"57":{"start":{"line":109,"column":26},"end":{"line":109,"column":64}},"58":{"start":{"line":110,"column":8},"end":{"line":116,"column":9}},"59":{"start":{"line":111,"column":29},"end":{"line":111,"column":39}},"60":{"start":{"line":112,"column":29},"end":{"line":112,"column":66}},"61":{"start":{"line":113,"column":16},"end":{"line":113,"column":43}},"62":{"start":{"line":115,"column":12},"end":{"line":115,"column":88}},"63":{"start":{"line":119,"column":8},"end":{"line":119,"column":46}},"64":{"start":{"line":120,"column":8},"end":{"line":120,"column":65}},"65":{"start":{"line":107,"column":13},"end":{"line":107,"column":29}},"66":{"start":{"line":124,"column":29},"end":{"line":144,"column":null}},"67":{"start":{"line":124,"column":81},"end":{"line":144,"column":null}},"68":{"start":{"line":125,"column":4},"end":{"line":125,"column":24}},"69":{"start":{"line":127,"column":4},"end":{"line":143,"column":5}},"70":{"start":{"line":128,"column":26},"end":{"line":128,"column":64}},"71":{"start":{"line":129,"column":8},"end":{"line":138,"column":9}},"72":{"start":{"line":130,"column":29},"end":{"line":130,"column":39}},"73":{"start":{"line":131,"column":29},"end":{"line":131,"column":69}},"74":{"start":{"line":132,"column":16},"end":{"line":134,"column":17}},"75":{"start":{"line":133,"column":20},"end":{"line":133,"column":95}},"76":{"start":{"line":135,"column":16},"end":{"line":135,"column":82}},"77":{"start":{"line":137,"column":12},"end":{"line":137,"column":87}},"78":{"start":{"line":141,"column":8},"end":{"line":141,"column":46}},"79":{"start":{"line":142,"column":8},"end":{"line":142,"column":65}},"80":{"start":{"line":124,"column":13},"end":{"line":124,"column":29}},"81":{"start":{"line":147,"column":30},"end":{"line":165,"column":null}},"82":{"start":{"line":147,"column":82},"end":{"line":165,"column":null}},"83":{"start":{"line":148,"column":4},"end":{"line":164,"column":5}},"84":{"start":{"line":149,"column":26},"end":{"line":149,"column":64}},"85":{"start":{"line":150,"column":8},"end":{"line":159,"column":9}},"86":{"start":{"line":151,"column":25},"end":{"line":151,"column":35}},"87":{"start":{"line":152,"column":25},"end":{"line":152,"column":56}},"88":{"start":{"line":153,"column":12},"end":{"line":155,"column":13}},"89":{"start":{"line":154,"column":16},"end":{"line":154,"column":93}},"90":{"start":{"line":156,"column":12},"end":{"line":156,"column":null}},"91":{"start":{"line":158,"column":12},"end":{"line":158,"column":89}},"92":{"start":{"line":162,"column":8},"end":{"line":162,"column":46}},"93":{"start":{"line":163,"column":8},"end":{"line":163,"column":65}},"94":{"start":{"line":147,"column":13},"end":{"line":147,"column":30}}},"fnMap":{"0":{"name":"(anonymous_14)","decl":{"start":{"line":13,"column":26},"end":{"line":13,"column":33}},"loc":{"start":{"line":13,"column":80},"end":{"line":53,"column":2}}},"1":{"name":"(anonymous_15)","decl":{"start":{"line":13,"column":80},"end":{"line":13,"column":null}},"loc":{"start":{"line":13,"column":80},"end":{"line":53,"column":1}}},"2":{"name":"(anonymous_16)","decl":{"start":{"line":57,"column":21},"end":{"line":57,"column":27}},"loc":{"start":{"line":57,"column":72},"end":{"line":87,"column":null}}},"3":{"name":"(anonymous_17)","decl":{"start":{"line":57,"column":72},"end":{"line":57,"column":null}},"loc":{"start":{"line":57,"column":72},"end":{"line":87,"column":1}}},"4":{"name":"(anonymous_18)","decl":{"start":{"line":90,"column":26},"end":{"line":90,"column":32}},"loc":{"start":{"line":90,"column":78},"end":{"line":104,"column":null}}},"5":{"name":"(anonymous_19)","decl":{"start":{"line":90,"column":78},"end":{"line":90,"column":null}},"loc":{"start":{"line":90,"column":78},"end":{"line":104,"column":1}}},"6":{"name":"(anonymous_20)","decl":{"start":{"line":107,"column":29},"end":{"line":107,"column":35}},"loc":{"start":{"line":107,"column":81},"end":{"line":122,"column":null}}},"7":{"name":"(anonymous_21)","decl":{"start":{"line":107,"column":81},"end":{"line":107,"column":null}},"loc":{"start":{"line":107,"column":81},"end":{"line":122,"column":1}}},"8":{"name":"(anonymous_22)","decl":{"start":{"line":124,"column":29},"end":{"line":124,"column":35}},"loc":{"start":{"line":124,"column":81},"end":{"line":144,"column":null}}},"9":{"name":"(anonymous_23)","decl":{"start":{"line":124,"column":81},"end":{"line":124,"column":null}},"loc":{"start":{"line":124,"column":81},"end":{"line":144,"column":1}}},"10":{"name":"(anonymous_24)","decl":{"start":{"line":147,"column":30},"end":{"line":147,"column":36}},"loc":{"start":{"line":147,"column":82},"end":{"line":165,"column":null}}},"11":{"name":"(anonymous_25)","decl":{"start":{"line":147,"column":82},"end":{"line":147,"column":null}},"loc":{"start":{"line":147,"column":82},"end":{"line":165,"column":1}}}},"branchMap":{"0":{"loc":{"start":{"line":19,"column":8},"end":{"line":21,"column":9}},"type":"if","locations":[{"start":{"line":19,"column":8},"end":{"line":21,"column":9}}]},"1":{"loc":{"start":{"line":19,"column":12},"end":{"line":19,"column":44}},"type":"binary-expr","locations":[{"start":{"line":19,"column":12},"end":{"line":19,"column":21}},{"start":{"line":19,"column":25},"end":{"line":19,"column":31}},{"start":{"line":19,"column":35},"end":{"line":19,"column":44}}]},"2":{"loc":{"start":{"line":25,"column":8},"end":{"line":28,"column":9}},"type":"if","locations":[{"start":{"line":25,"column":8},"end":{"line":28,"column":9}}]},"3":{"loc":{"start":{"line":33,"column":8},"end":{"line":35,"column":9}},"type":"if","locations":[{"start":{"line":33,"column":8},"end":{"line":35,"column":9}}]},"4":{"loc":{"start":{"line":61,"column":12},"end":{"line":63,"column":13}},"type":"if","locations":[{"start":{"line":61,"column":12},"end":{"line":63,"column":13}}]},"5":{"loc":{"start":{"line":61,"column":15},"end":{"line":61,"column":34}},"type":"binary-expr","locations":[{"start":{"line":61,"column":15},"end":{"line":61,"column":21}},{"start":{"line":61,"column":25},"end":{"line":61,"column":34}}]},"6":{"loc":{"start":{"line":66,"column":12},"end":{"line":68,"column":13}},"type":"if","locations":[{"start":{"line":66,"column":12},"end":{"line":68,"column":13}}]},"7":{"loc":{"start":{"line":71,"column":12},"end":{"line":73,"column":13}},"type":"if","locations":[{"start":{"line":71,"column":12},"end":{"line":73,"column":13}}]},"8":{"loc":{"start":{"line":93,"column":8},"end":{"line":98,"column":9}},"type":"if","locations":[{"start":{"line":93,"column":8},"end":{"line":98,"column":9}},{"start":{"line":96,"column":13},"end":{"line":98,"column":9}}]},"9":{"loc":{"start":{"line":93,"column":11},"end":{"line":93,"column":41}},"type":"binary-expr","locations":[{"start":{"line":93,"column":11},"end":{"line":93,"column":20}},{"start":{"line":93,"column":24},"end":{"line":93,"column":41}}]},"10":{"loc":{"start":{"line":110,"column":8},"end":{"line":116,"column":9}},"type":"if","locations":[{"start":{"line":110,"column":8},"end":{"line":116,"column":9}},{"start":{"line":114,"column":13},"end":{"line":116,"column":9}}]},"11":{"loc":{"start":{"line":110,"column":11},"end":{"line":110,"column":41}},"type":"binary-expr","locations":[{"start":{"line":110,"column":11},"end":{"line":110,"column":20}},{"start":{"line":110,"column":24},"end":{"line":110,"column":41}}]},"12":{"loc":{"start":{"line":129,"column":8},"end":{"line":138,"column":9}},"type":"if","locations":[{"start":{"line":129,"column":8},"end":{"line":138,"column":9}},{"start":{"line":136,"column":14},"end":{"line":138,"column":9}}]},"13":{"loc":{"start":{"line":129,"column":11},"end":{"line":129,"column":41}},"type":"binary-expr","locations":[{"start":{"line":129,"column":11},"end":{"line":129,"column":20}},{"start":{"line":129,"column":24},"end":{"line":129,"column":41}}]},"14":{"loc":{"start":{"line":132,"column":16},"end":{"line":134,"column":17}},"type":"if","locations":[{"start":{"line":132,"column":16},"end":{"line":134,"column":17}}]},"15":{"loc":{"start":{"line":150,"column":8},"end":{"line":159,"column":9}},"type":"if","locations":[{"start":{"line":150,"column":8},"end":{"line":159,"column":9}},{"start":{"line":157,"column":14},"end":{"line":159,"column":9}}]},"16":{"loc":{"start":{"line":150,"column":11},"end":{"line":150,"column":41}},"type":"binary-expr","locations":[{"start":{"line":150,"column":11},"end":{"line":150,"column":20}},{"start":{"line":150,"column":24},"end":{"line":150,"column":41}}]},"17":{"loc":{"start":{"line":153,"column":12},"end":{"line":155,"column":13}},"type":"if","locations":[{"start":{"line":153,"column":12},"end":{"line":155,"column":13}}]}},"s":{"0":5,"1":5,"2":5,"3":5,"4":5,"5":5,"6":5,"7":3,"8":3,"9":3,"10":3,"11":2,"12":1,"13":1,"14":0,"15":0,"16":1,"17":1,"18":0,"19":1,"20":1,"21":1,"22":0,"23":0,"24":5,"25":5,"26":5,"27":5,"28":5,"29":5,"30":0,"31":5,"32":5,"33":0,"34":5,"35":5,"36":0,"37":5,"38":5,"39":5,"40":0,"41":0,"42":5,"43":5,"44":1,"45":1,"46":1,"47":1,"48":1,"49":1,"50":0,"51":0,"52":0,"53":5,"54":5,"55":1,"56":1,"57":1,"58":1,"59":1,"60":1,"61":1,"62":0,"63":0,"64":0,"65":5,"66":5,"67":1,"68":1,"69":1,"70":1,"71":1,"72":1,"73":1,"74":1,"75":0,"76":1,"77":0,"78":0,"79":0,"80":5,"81":5,"82":1,"83":1,"84":1,"85":1,"86":1,"87":1,"88":1,"89":0,"90":1,"91":0,"92":0,"93":0,"94":5},"f":{"0":3,"1":3,"2":5,"3":5,"4":1,"5":1,"6":1,"7":1,"8":1,"9":1,"10":1,"11":1},"b":{"0":[2],"1":[3,1,1],"2":[0],"3":[0],"4":[0],"5":[5,5],"6":[0],"7":[0],"8":[1,0],"9":[1,1],"10":[1,0],"11":[1,1],"12":[1,0],"13":[1,1],"14":[0],"15":[1,0],"16":[1,1],"17":[0]}}
,"C:\\Users\\A.M\\Desktop\\ANDELA-PROGRAMMING\\My-BRAND-Andre-BE\\src\\models\\bCategoryModel.ts": {"path":"C:\\Users\\A.M\\Desktop\\ANDELA-PROGRAMMING\\My-BRAND-Andre-BE\\src\\models\\bCategoryModel.ts","statementMap":{"0":{"start":{"line":1,"column":0},"end":{"line":1,"column":51}},"1":{"start":{"line":2,"column":0},"end":{"line":2,"column":22}},"2":{"start":{"line":8,"column":26},"end":{"line":13,"column":2}},"3":{"start":{"line":15,"column":18},"end":{"line":15,"column":67}},"4":{"start":{"line":16,"column":0},"end":{"line":16,"column":25}},"5":{"start":{"line":17,"column":41},"end":{"line":22,"column":1}},"6":{"start":{"line":18,"column":19},"end":{"line":20,"column":6}},"7":{"start":{"line":21,"column":4},"end":{"line":21,"column":38}},"8":{"start":{"line":17,"column":13},"end":{"line":17,"column":41}}},"fnMap":{"0":{"name":"(anonymous_7)","decl":{"start":{"line":17,"column":41},"end":{"line":17,"column":42}},"loc":{"start":{"line":17,"column":65},"end":{"line":22,"column":1}}}},"branchMap":{},"s":{"0":5,"1":5,"2":5,"3":5,"4":5,"5":5,"6":1,"7":1,"8":5},"f":{"0":1},"b":{}}
,"C:\\Users\\A.M\\Desktop\\ANDELA-PROGRAMMING\\My-BRAND-Andre-BE\\src\\models\\blogModel.ts": {"path":"C:\\Users\\A.M\\Desktop\\ANDELA-PROGRAMMING\\My-BRAND-Andre-BE\\src\\models\\blogModel.ts","statementMap":{"0":{"start":{"line":1,"column":0},"end":{"line":1,"column":51}},"1":{"start":{"line":2,"column":0},"end":{"line":2,"column":22}},"2":{"start":{"line":14,"column":28},"end":{"line":43,"column":2}},"3":{"start":{"line":45,"column":13},"end":{"line":45,"column":53}},"4":{"start":{"line":46,"column":0},"end":{"line":46,"column":20}},"5":{"start":{"line":47,"column":34},"end":{"line":58,"column":1}},"6":{"start":{"line":48,"column":19},"end":{"line":56,"column":6}},"7":{"start":{"line":57,"column":4},"end":{"line":57,"column":38}},"8":{"start":{"line":47,"column":13},"end":{"line":47,"column":34}}},"fnMap":{"0":{"name":"(anonymous_7)","decl":{"start":{"line":47,"column":34},"end":{"line":47,"column":35}},"loc":{"start":{"line":47,"column":55},"end":{"line":58,"column":1}}}},"branchMap":{},"s":{"0":5,"1":5,"2":5,"3":5,"4":5,"5":5,"6":2,"7":2,"8":5},"f":{"0":2},"b":{}}
,"C:\\Users\\A.M\\Desktop\\ANDELA-PROGRAMMING\\My-BRAND-Andre-BE\\src\\models\\commentModel.ts": {"path":"C:\\Users\\A.M\\Desktop\\ANDELA-PROGRAMMING\\My-BRAND-Andre-BE\\src\\models\\commentModel.ts","statementMap":{"0":{"start":{"line":1,"column":0},"end":{"line":1,"column":52}},"1":{"start":{"line":2,"column":0},"end":{"line":2,"column":22}},"2":{"start":{"line":19,"column":30},"end":{"line":47,"column":2}},"3":{"start":{"line":49,"column":16},"end":{"line":49,"column":65}},"4":{"start":{"line":50,"column":0},"end":{"line":50,"column":23}},"5":{"start":{"line":51,"column":36},"end":{"line":65,"column":1}},"6":{"start":{"line":52,"column":19},"end":{"line":63,"column":6}},"7":{"start":{"line":64,"column":5},"end":{"line":64,"column":42}},"8":{"start":{"line":51,"column":13},"end":{"line":51,"column":36}}},"fnMap":{"0":{"name":"(anonymous_7)","decl":{"start":{"line":51,"column":36},"end":{"line":51,"column":37}},"loc":{"start":{"line":51,"column":62},"end":{"line":65,"column":1}}}},"branchMap":{},"s":{"0":5,"1":5,"2":5,"3":5,"4":5,"5":5,"6":1,"7":1,"8":5},"f":{"0":1},"b":{}}
,"C:\\Users\\A.M\\Desktop\\ANDELA-PROGRAMMING\\My-BRAND-Andre-BE\\src\\models\\contactMsgModel.ts": {"path":"C:\\Users\\A.M\\Desktop\\ANDELA-PROGRAMMING\\My-BRAND-Andre-BE\\src\\models\\contactMsgModel.ts","statementMap":{"0":{"start":{"line":1,"column":0},"end":{"line":1,"column":51}},"1":{"start":{"line":2,"column":0},"end":{"line":2,"column":22}},"2":{"start":{"line":11,"column":33},"end":{"line":29,"column":2}},"3":{"start":{"line":31,"column":19},"end":{"line":31,"column":77}},"4":{"start":{"line":32,"column":0},"end":{"line":32,"column":26}},"5":{"start":{"line":33,"column":29},"end":{"line":41,"column":1}},"6":{"start":{"line":34,"column":19},"end":{"line":39,"column":6}},"7":{"start":{"line":40,"column":4},"end":{"line":40,"column":44}},"8":{"start":{"line":33,"column":13},"end":{"line":33,"column":29}}},"fnMap":{"0":{"name":"(anonymous_7)","decl":{"start":{"line":33,"column":29},"end":{"line":33,"column":30}},"loc":{"start":{"line":33,"column":60},"end":{"line":41,"column":1}}}},"branchMap":{},"s":{"0":5,"1":5,"2":5,"3":5,"4":5,"5":5,"6":1,"7":1,"8":5},"f":{"0":1},"b":{}}
,"C:\\Users\\A.M\\Desktop\\ANDELA-PROGRAMMING\\My-BRAND-Andre-BE\\src\\models\\usersModel.ts": {"path":"C:\\Users\\A.M\\Desktop\\ANDELA-PROGRAMMING\\My-BRAND-Andre-BE\\src\\models\\usersModel.ts","statementMap":{"0":{"start":{"line":1,"column":0},"end":{"line":1,"column":63}},"1":{"start":{"line":2,"column":0},"end":{"line":2,"column":22}},"2":{"start":{"line":12,"column":27},"end":{"line":37,"column":2}},"3":{"start":{"line":38,"column":14},"end":{"line":38,"column":56}},"4":{"start":{"line":39,"column":33},"end":{"line":48,"column":1}},"5":{"start":{"line":40,"column":19},"end":{"line":46,"column":6}},"6":{"start":{"line":47,"column":4},"end":{"line":47,"column":38}},"7":{"start":{"line":39,"column":13},"end":{"line":39,"column":33}},"8":{"start":{"line":49,"column":0},"end":{"line":49,"column":21}},"9":{"start":{"line":51,"column":28},"end":{"line":51,"column":59}},"10":{"start":{"line":51,"column":41},"end":{"line":51,"column":59}},"11":{"start":{"line":51,"column":13},"end":{"line":51,"column":28}}},"fnMap":{"0":{"name":"(anonymous_7)","decl":{"start":{"line":39,"column":33},"end":{"line":39,"column":34}},"loc":{"start":{"line":39,"column":54},"end":{"line":48,"column":1}}},"1":{"name":"(anonymous_8)","decl":{"start":{"line":51,"column":28},"end":{"line":51,"column":29}},"loc":{"start":{"line":51,"column":41},"end":{"line":51,"column":59}}}},"branchMap":{},"s":{"0":5,"1":5,"2":5,"3":5,"4":5,"5":1,"6":1,"7":5,"8":5,"9":5,"10":21,"11":5},"f":{"0":1,"1":21},"b":{}}
}
