TN:
SF:src\server.ts
FN:24,(anonymous_7)
FN:97,(anonymous_8)
FN:99,(anonymous_9)
FN:103,(anonymous_10)
FN:108,(anonymous_11)
FNF:5
FNH:2
FNDA:0,(anonymous_7)
FNDA:1,(anonymous_8)
FNDA:1,(anonymous_9)
FNDA:0,(anonymous_10)
FNDA:0,(anonymous_11)
DA:1,1
DA:2,1
DA:3,1
DA:4,1
DA:5,1
DA:6,1
DA:7,1
DA:8,1
DA:9,1
DA:10,1
DA:11,1
DA:12,1
DA:13,1
DA:17,1
DA:19,1
DA:21,1
DA:22,1
DA:24,1
DA:25,0
DA:33,1
DA:35,1
DA:37,1
DA:39,1
DA:41,1
DA:43,1
DA:48,1
DA:50,1
DA:52,1
DA:58,1
DA:60,1
DA:62,1
DA:65,1
DA:67,1
DA:72,1
DA:74,1
DA:76,1
DA:78,1
DA:83,1
DA:85,1
DA:87,1
DA:93,1
DA:96,1
DA:98,1
DA:99,1
DA:100,1
DA:104,0
DA:108,1
DA:109,0
DA:110,0
DA:113,1
DA:115,1
LF:51
LH:47
BRDA:21,0,0,1
BRDA:21,0,1,0
BRF:2
BRH:1
end_of_record
TN:
SF:src\authentication\verifyToken.ts
FN:14,(anonymous_8)
FN:49,(anonymous_9)
FN:49,(anonymous_10)
FNF:3
FNH:3
FNDA:2,(anonymous_8)
FNDA:2,(anonymous_9)
FNDA:2,(anonymous_10)
DA:3,1
DA:4,1
DA:6,1
DA:7,1
DA:14,1
DA:16,2
DA:19,2
DA:21,2
DA:24,2
DA:25,0
DA:29,2
DA:32,2
DA:35,2
DA:38,0
DA:49,2
DA:50,2
DA:51,2
DA:52,2
DA:54,2
DA:55,0
DA:56,0
DA:58,2
DA:60,0
DA:61,0
LF:24
LH:18
BRDA:19,0,0,2
BRDA:19,0,1,0
BRDA:24,1,0,0
BRDA:24,2,0,2
BRDA:24,2,1,2
BRDA:54,3,0,0
BRF:6
BRH:3
end_of_record
TN:
SF:src\controller\blogController.ts
FN:8,(anonymous_13)
FN:8,(anonymous_14)
FN:21,(anonymous_15)
FN:36,(anonymous_16)
FN:36,(anonymous_17)
FN:52,(anonymous_18)
FN:52,(anonymous_19)
FN:72,(anonymous_20)
FN:72,(anonymous_21)
FN:95,(anonymous_22)
FN:95,(anonymous_23)
FNF:11
FNH:0
FNDA:0,(anonymous_13)
FNDA:0,(anonymous_14)
FNDA:0,(anonymous_15)
FNDA:0,(anonymous_16)
FNDA:0,(anonymous_17)
FNDA:0,(anonymous_18)
FNDA:0,(anonymous_19)
FNDA:0,(anonymous_20)
FNDA:0,(anonymous_21)
FNDA:0,(anonymous_22)
FNDA:0,(anonymous_23)
DA:2,1
DA:4,1
DA:8,1
DA:9,0
DA:10,0
DA:11,0
DA:12,0
DA:13,0
DA:14,0
DA:15,0
DA:18,0
DA:20,0
DA:22,0
DA:25,0
DA:29,0
DA:30,0
DA:36,1
DA:37,0
DA:38,0
DA:39,0
DA:40,0
DA:42,0
DA:46,0
DA:47,0
DA:52,1
DA:53,0
DA:54,0
DA:55,0
DA:56,0
DA:57,0
DA:58,0
DA:60,0
DA:64,0
DA:65,0
DA:72,1
DA:73,0
DA:74,0
DA:75,0
DA:77,0
DA:78,0
DA:79,0
DA:80,0
DA:82,0
DA:85,0
DA:89,0
DA:90,0
DA:95,1
DA:96,0
DA:97,0
DA:98,0
DA:99,0
DA:100,0
DA:101,0
DA:102,0
DA:104,0
DA:106,0
DA:110,0
DA:111,0
LF:58
LH:7
BRDA:12,0,0,0
BRDA:18,1,0,0
BRDA:18,1,1,0
BRDA:18,2,0,0
BRDA:18,2,1,0
BRDA:39,3,0,0
BRDA:39,3,1,0
BRDA:55,4,0,0
BRDA:55,4,1,0
BRDA:75,5,0,0
BRDA:75,5,1,0
BRDA:75,6,0,0
BRDA:75,6,1,0
BRDA:79,7,0,0
BRDA:98,8,0,0
BRDA:98,8,1,0
BRDA:98,9,0,0
BRDA:98,9,1,0
BRDA:101,10,0,0
BRF:19
BRH:0
end_of_record
TN:
SF:src\controller\categoryController.ts
FN:6,(anonymous_13)
FN:6,(anonymous_14)
FN:37,(anonymous_15)
FN:37,(anonymous_16)
FN:57,(anonymous_17)
FN:57,(anonymous_18)
FNF:6
FNH:0
FNDA:0,(anonymous_13)
FNDA:0,(anonymous_14)
FNDA:0,(anonymous_15)
FNDA:0,(anonymous_16)
FNDA:0,(anonymous_17)
FNDA:0,(anonymous_18)
DA:2,1
DA:4,1
DA:6,1
DA:7,0
DA:8,0
DA:9,0
DA:10,0
DA:11,0
DA:12,0
DA:15,0
DA:16,0
DA:17,0
DA:18,0
DA:20,0
DA:21,0
DA:22,0
DA:25,0
DA:26,0
DA:28,0
DA:32,0
DA:33,0
DA:37,1
DA:38,0
DA:39,0
DA:40,0
DA:41,0
DA:42,0
DA:43,0
DA:44,0
DA:46,0
DA:48,0
DA:52,0
DA:53,0
DA:57,1
DA:58,0
DA:60,0
DA:61,0
DA:62,0
DA:63,0
DA:64,0
DA:65,0
DA:67,0
DA:69,0
DA:73,0
DA:74,0
LF:45
LH:5
BRDA:9,0,0,0
BRDA:9,0,1,0
BRDA:9,1,0,0
BRDA:9,1,1,0
BRDA:11,2,0,0
BRDA:16,3,0,0
BRDA:21,4,0,0
BRDA:40,5,0,0
BRDA:40,5,1,0
BRDA:40,6,0,0
BRDA:40,6,1,0
BRDA:43,7,0,0
BRDA:61,8,0,0
BRDA:61,8,1,0
BRDA:61,9,0,0
BRDA:61,9,1,0
BRDA:64,10,0,0
BRF:17
BRH:0
end_of_record
TN:
SF:src\controller\commentController.ts
FN:6,(anonymous_13)
FN:6,(anonymous_14)
FN:32,(anonymous_15)
FN:32,(anonymous_16)
FN:54,(anonymous_17)
FN:54,(anonymous_18)
FN:77,(anonymous_19)
FN:77,(anonymous_20)
FNF:8
FNH:0
FNDA:0,(anonymous_13)
FNDA:0,(anonymous_14)
FNDA:0,(anonymous_15)
FNDA:0,(anonymous_16)
FNDA:0,(anonymous_17)
FNDA:0,(anonymous_18)
FNDA:0,(anonymous_19)
FNDA:0,(anonymous_20)
DA:2,1
DA:3,1
DA:6,1
DA:7,0
DA:8,0
DA:9,0
DA:10,0
DA:12,0
DA:13,0
DA:14,0
DA:15,0
DA:17,0
DA:18,0
DA:19,0
DA:20,0
DA:22,0
DA:27,0
DA:28,0
DA:32,1
DA:33,0
DA:34,0
DA:35,0
DA:36,0
DA:37,0
DA:38,0
DA:40,0
DA:44,0
DA:48,0
DA:49,0
DA:54,1
DA:55,0
DA:56,0
DA:57,0
DA:58,0
DA:59,0
DA:60,0
DA:61,0
DA:62,0
DA:64,0
DA:68,0
DA:72,0
DA:73,0
DA:77,1
DA:78,0
DA:79,0
DA:80,0
DA:82,0
DA:83,0
DA:84,0
DA:85,0
DA:86,0
DA:87,0
DA:89,0
DA:90,0
DA:91,0
DA:93,0
DA:95,0
DA:98,0
DA:99,0
LF:59
LH:6
BRDA:9,0,0,0
BRDA:9,1,0,0
BRDA:9,1,1,0
BRDA:9,1,2,0
BRDA:9,1,3,0
BRDA:13,2,0,0
BRDA:18,3,0,0
BRDA:18,3,1,0
BRDA:35,4,0,0
BRDA:35,4,1,0
BRDA:37,5,0,0
BRDA:37,5,1,0
BRDA:57,6,0,0
BRDA:57,6,1,0
BRDA:61,7,0,0
BRDA:61,7,1,0
BRDA:80,8,0,0
BRDA:80,8,1,0
BRDA:90,9,0,0
BRF:19
BRH:0
end_of_record
TN:
SF:src\controller\contactMsgController.ts
FN:8,(anonymous_13)
FN:8,(anonymous_14)
FN:30,(anonymous_15)
FN:30,(anonymous_16)
FN:52,(anonymous_17)
FN:52,(anonymous_18)
FNF:6
FNH:0
FNDA:0,(anonymous_13)
FNDA:0,(anonymous_14)
FNDA:0,(anonymous_15)
FNDA:0,(anonymous_16)
FNDA:0,(anonymous_17)
FNDA:0,(anonymous_18)
DA:2,1
DA:3,1
DA:8,1
DA:9,0
DA:10,0
DA:11,0
DA:12,0
DA:15,0
DA:16,0
DA:17,0
DA:18,0
DA:21,0
DA:22,0
DA:24,0
DA:25,0
DA:30,1
DA:31,0
DA:32,0
DA:33,0
DA:34,0
DA:35,0
DA:36,0
DA:38,0
DA:42,0
DA:46,0
DA:47,0
DA:52,1
DA:53,0
DA:54,0
DA:55,0
DA:56,0
DA:57,0
DA:58,0
DA:59,0
DA:61,0
DA:63,0
DA:67,0
DA:68,0
LF:38
LH:5
BRDA:11,0,0,0
BRDA:11,1,0,0
BRDA:11,1,1,0
BRDA:11,1,2,0
BRDA:16,2,0,0
BRDA:33,3,0,0
BRDA:33,3,1,0
BRDA:33,4,0,0
BRDA:33,4,1,0
BRDA:35,5,0,0
BRDA:35,5,1,0
BRDA:55,6,0,0
BRDA:55,6,1,0
BRDA:55,7,0,0
BRDA:55,7,1,0
BRDA:58,8,0,0
BRF:16
BRH:0
end_of_record
TN:
SF:src\controller\userController.ts
FN:13,(anonymous_14)
FN:13,(anonymous_15)
FN:57,(anonymous_16)
FN:57,(anonymous_17)
FN:90,(anonymous_18)
FN:90,(anonymous_19)
FN:107,(anonymous_20)
FN:107,(anonymous_21)
FN:124,(anonymous_22)
FN:124,(anonymous_23)
FN:147,(anonymous_24)
FN:147,(anonymous_25)
FNF:12
FNH:8
FNDA:1,(anonymous_14)
FNDA:1,(anonymous_15)
FNDA:1,(anonymous_16)
FNDA:1,(anonymous_17)
FNDA:1,(anonymous_18)
FNDA:1,(anonymous_19)
FNDA:1,(anonymous_20)
FNDA:1,(anonymous_21)
FNDA:0,(anonymous_22)
FNDA:0,(anonymous_23)
FNDA:0,(anonymous_24)
FNDA:0,(anonymous_25)
DA:2,1
DA:3,1
DA:4,1
DA:5,1
DA:6,1
DA:7,1
DA:13,1
DA:14,1
DA:17,1
DA:19,1
DA:20,0
DA:23,1
DA:25,1
DA:26,0
DA:27,0
DA:32,1
DA:33,1
DA:34,0
DA:38,1
DA:41,1
DA:48,1
DA:50,0
DA:51,0
DA:57,1
DA:58,1
DA:59,1
DA:61,1
DA:62,0
DA:65,1
DA:66,1
DA:67,0
DA:70,1
DA:71,1
DA:72,0
DA:76,1
DA:79,1
DA:80,1
DA:84,0
DA:85,0
DA:90,1
DA:91,1
DA:92,1
DA:93,1
DA:94,1
DA:95,1
DA:97,0
DA:101,0
DA:102,0
DA:107,1
DA:108,1
DA:109,1
DA:110,1
DA:111,1
DA:112,1
DA:113,1
DA:115,0
DA:119,0
DA:120,0
DA:124,1
DA:125,0
DA:127,0
DA:128,0
DA:129,0
DA:130,0
DA:131,0
DA:132,0
DA:133,0
DA:135,0
DA:137,0
DA:141,0
DA:142,0
DA:147,1
DA:148,0
DA:149,0
DA:150,0
DA:151,0
DA:152,0
DA:153,0
DA:154,0
DA:156,0
DA:158,0
DA:162,0
DA:163,0
LF:83
LH:43
BRDA:19,0,0,0
BRDA:19,1,0,1
BRDA:19,1,1,1
BRDA:19,1,2,1
BRDA:25,2,0,0
BRDA:33,3,0,0
BRDA:61,4,0,0
BRDA:61,5,0,1
BRDA:61,5,1,1
BRDA:66,6,0,0
BRDA:71,7,0,0
BRDA:93,8,0,1
BRDA:93,8,1,0
BRDA:93,9,0,1
BRDA:93,9,1,1
BRDA:110,10,0,1
BRDA:110,10,1,0
BRDA:110,11,0,1
BRDA:110,11,1,1
BRDA:129,12,0,0
BRDA:129,12,1,0
BRDA:129,13,0,0
BRDA:129,13,1,0
BRDA:132,14,0,0
BRDA:150,15,0,0
BRDA:150,15,1,0
BRDA:150,16,0,0
BRDA:150,16,1,0
BRDA:153,17,0,0
BRF:29
BRH:11
end_of_record
TN:
SF:src\models\bCategoryModel.ts
FN:17,(anonymous_7)
FNF:1
FNH:0
FNDA:0,(anonymous_7)
DA:1,1
DA:2,1
DA:8,1
DA:15,1
DA:16,1
DA:17,1
DA:18,0
DA:21,0
LF:8
LH:6
BRF:0
BRH:0
end_of_record
TN:
SF:src\models\blogModel.ts
FN:47,(anonymous_7)
FNF:1
FNH:0
FNDA:0,(anonymous_7)
DA:1,1
DA:2,1
DA:14,1
DA:45,1
DA:46,1
DA:47,1
DA:48,0
DA:57,0
LF:8
LH:6
BRF:0
BRH:0
end_of_record
TN:
SF:src\models\commentModel.ts
FN:51,(anonymous_7)
FNF:1
FNH:0
FNDA:0,(anonymous_7)
DA:1,1
DA:2,1
DA:19,1
DA:49,1
DA:50,1
DA:51,1
DA:52,0
DA:64,0
LF:8
LH:6
BRF:0
BRH:0
end_of_record
TN:
SF:src\models\contactMsgModel.ts
FN:33,(anonymous_7)
FNF:1
FNH:0
FNDA:0,(anonymous_7)
DA:1,1
DA:2,1
DA:11,1
DA:31,1
DA:32,1
DA:33,1
DA:34,0
DA:40,0
LF:8
LH:6
BRF:0
BRH:0
end_of_record
TN:
SF:src\models\usersModel.ts
FN:39,(anonymous_7)
FN:50,(anonymous_8)
FN:51,(anonymous_9)
FN:52,(anonymous_10)
FN:53,(anonymous_11)
FN:53,(anonymous_12)
FN:54,(anonymous_13)
FN:55,(anonymous_14)
FNF:8
FNH:2
FNDA:1,(anonymous_7)
FNDA:0,(anonymous_8)
FNDA:0,(anonymous_9)
FNDA:2,(anonymous_10)
FNDA:0,(anonymous_11)
FNDA:0,(anonymous_12)
FNDA:0,(anonymous_13)
FNDA:0,(anonymous_14)
DA:1,1
DA:2,1
DA:12,1
DA:38,1
DA:39,1
DA:40,1
DA:47,1
DA:49,1
DA:50,1
DA:51,1
DA:52,2
DA:53,1
DA:54,1
DA:55,1
LF:14
LH:14
BRF:0
BRH:0
end_of_record
