TN:
SF:src\server.ts
FN:24,(anonymous_7)
FN:97,(anonymous_8)
FN:99,(anonymous_9)
FN:103,(anonymous_10)
FN:108,(anonymous_11)
FNF:5
FNH:1
FNDA:0,(anonymous_7)
FNDA:5,(anonymous_8)
FNDA:0,(anonymous_9)
FNDA:0,(anonymous_10)
FNDA:0,(anonymous_11)
DA:1,5
DA:2,5
DA:3,5
DA:4,5
DA:5,5
DA:6,5
DA:7,5
DA:8,5
DA:9,5
DA:10,5
DA:11,5
DA:12,5
DA:13,5
DA:17,5
DA:19,5
DA:21,5
DA:22,5
DA:24,5
DA:25,0
DA:33,5
DA:35,5
DA:37,5
DA:39,5
DA:41,5
DA:43,5
DA:48,5
DA:50,5
DA:52,5
DA:58,5
DA:60,5
DA:62,5
DA:65,5
DA:67,5
DA:72,5
DA:74,5
DA:76,5
DA:78,5
DA:83,5
DA:85,5
DA:87,5
DA:93,5
DA:96,5
DA:98,5
DA:99,5
DA:100,0
DA:104,0
DA:108,5
DA:109,0
DA:110,0
DA:113,5
DA:115,5
LF:51
LH:46
BRDA:21,0,0,5
BRDA:21,0,1,0
BRF:2
BRH:1
end_of_record
TN:
SF:src\authentication\verifyToken.ts
FN:14,(anonymous_8)
FN:49,(anonymous_9)
FN:49,(anonymous_10)
FNF:3
FNH:3
FNDA:23,(anonymous_8)
FNDA:21,(anonymous_9)
FNDA:21,(anonymous_10)
DA:3,5
DA:4,5
DA:6,5
DA:7,5
DA:14,5
DA:16,23
DA:19,23
DA:21,22
DA:24,22
DA:25,0
DA:29,22
DA:32,22
DA:35,22
DA:38,1
DA:49,21
DA:50,21
DA:51,21
DA:52,21
DA:54,21
DA:55,0
DA:56,0
DA:58,21
DA:60,0
DA:61,0
LF:24
LH:19
BRDA:19,0,0,22
BRDA:19,0,1,1
BRDA:24,1,0,0
BRDA:24,2,0,22
BRDA:24,2,1,22
BRDA:54,3,0,0
BRF:6
BRH:4
end_of_record
TN:
SF:src\controller\blogController.ts
FN:8,(anonymous_13)
FN:8,(anonymous_14)
FN:21,(anonymous_15)
FN:36,(anonymous_16)
FN:36,(anonymous_17)
FN:52,(anonymous_18)
FN:52,(anonymous_19)
FN:72,(anonymous_20)
FN:72,(anonymous_21)
FN:95,(anonymous_22)
FN:95,(anonymous_23)
FNF:11
FNH:11
FNDA:2,(anonymous_13)
FNDA:2,(anonymous_14)
FNDA:1,(anonymous_15)
FNDA:2,(anonymous_16)
FNDA:2,(anonymous_17)
FNDA:1,(anonymous_18)
FNDA:1,(anonymous_19)
FNDA:1,(anonymous_20)
FNDA:1,(anonymous_21)
FNDA:1,(anonymous_22)
FNDA:1,(anonymous_23)
DA:2,5
DA:4,5
DA:8,5
DA:9,2
DA:10,2
DA:11,2
DA:12,2
DA:13,1
DA:14,1
DA:15,1
DA:18,1
DA:20,1
DA:22,1
DA:25,0
DA:29,0
DA:30,0
DA:36,5
DA:37,2
DA:38,2
DA:39,2
DA:40,1
DA:42,1
DA:46,0
DA:47,0
DA:52,5
DA:53,1
DA:54,1
DA:55,1
DA:56,1
DA:57,1
DA:58,1
DA:60,0
DA:64,0
DA:65,0
DA:72,5
DA:73,1
DA:74,1
DA:75,1
DA:77,1
DA:78,1
DA:79,1
DA:80,0
DA:82,1
DA:85,0
DA:89,0
DA:90,0
DA:95,5
DA:96,1
DA:97,1
DA:98,1
DA:99,1
DA:100,1
DA:101,1
DA:102,0
DA:104,1
DA:106,0
DA:110,0
DA:111,0
LF:58
LH:42
BRDA:12,0,0,1
BRDA:18,1,0,1
BRDA:18,1,1,0
BRDA:18,2,0,1
BRDA:18,2,1,1
BRDA:39,3,0,1
BRDA:39,3,1,1
BRDA:55,4,0,1
BRDA:55,4,1,0
BRDA:75,5,0,1
BRDA:75,5,1,0
BRDA:75,6,0,1
BRDA:75,6,1,1
BRDA:79,7,0,0
BRDA:98,8,0,1
BRDA:98,8,1,0
BRDA:98,9,0,1
BRDA:98,9,1,1
BRDA:101,10,0,0
BRF:19
BRH:13
end_of_record
TN:
SF:src\controller\categoryController.ts
FN:6,(anonymous_13)
FN:6,(anonymous_14)
FN:37,(anonymous_15)
FN:37,(anonymous_16)
FN:57,(anonymous_17)
FN:57,(anonymous_18)
FNF:6
FNH:6
FNDA:5,(anonymous_13)
FNDA:5,(anonymous_14)
FNDA:1,(anonymous_15)
FNDA:1,(anonymous_16)
FNDA:1,(anonymous_17)
FNDA:1,(anonymous_18)
DA:2,5
DA:4,5
DA:6,5
DA:7,5
DA:8,5
DA:9,5
DA:10,5
DA:11,5
DA:12,4
DA:15,1
DA:16,1
DA:17,0
DA:18,0
DA:20,1
DA:21,1
DA:22,0
DA:25,1
DA:26,1
DA:28,0
DA:32,0
DA:33,0
DA:37,5
DA:38,1
DA:39,1
DA:40,1
DA:41,1
DA:42,1
DA:43,1
DA:44,0
DA:46,1
DA:48,0
DA:52,0
DA:53,0
DA:57,5
DA:58,1
DA:60,1
DA:61,1
DA:62,1
DA:63,1
DA:64,1
DA:65,0
DA:67,1
DA:69,0
DA:73,0
DA:74,0
LF:45
LH:31
BRDA:9,0,0,5
BRDA:9,0,1,0
BRDA:9,1,0,5
BRDA:9,1,1,5
BRDA:11,2,0,4
BRDA:16,3,0,0
BRDA:21,4,0,0
BRDA:40,5,0,1
BRDA:40,5,1,0
BRDA:40,6,0,1
BRDA:40,6,1,1
BRDA:43,7,0,0
BRDA:61,8,0,1
BRDA:61,8,1,0
BRDA:61,9,0,1
BRDA:61,9,1,1
BRDA:64,10,0,0
BRF:17
BRH:10
end_of_record
TN:
SF:src\controller\commentController.ts
FN:6,(anonymous_13)
FN:6,(anonymous_14)
FN:32,(anonymous_15)
FN:32,(anonymous_16)
FN:54,(anonymous_17)
FN:54,(anonymous_18)
FN:77,(anonymous_19)
FN:77,(anonymous_20)
FNF:8
FNH:6
FNDA:2,(anonymous_13)
FNDA:2,(anonymous_14)
FNDA:1,(anonymous_15)
FNDA:1,(anonymous_16)
FNDA:1,(anonymous_17)
FNDA:1,(anonymous_18)
FNDA:0,(anonymous_19)
FNDA:0,(anonymous_20)
DA:2,5
DA:3,5
DA:6,5
DA:7,2
DA:8,2
DA:9,2
DA:10,1
DA:12,1
DA:13,1
DA:14,0
DA:15,0
DA:17,1
DA:18,1
DA:19,1
DA:20,1
DA:22,0
DA:27,0
DA:28,0
DA:32,5
DA:33,1
DA:34,1
DA:35,1
DA:36,1
DA:37,1
DA:38,1
DA:40,0
DA:44,0
DA:48,0
DA:49,0
DA:54,5
DA:55,1
DA:56,1
DA:57,1
DA:58,1
DA:59,1
DA:60,1
DA:61,1
DA:62,1
DA:64,0
DA:68,0
DA:72,0
DA:73,0
DA:77,5
DA:78,0
DA:79,0
DA:80,0
DA:82,0
DA:83,0
DA:84,0
DA:85,0
DA:86,0
DA:87,0
DA:89,0
DA:90,0
DA:91,0
DA:93,0
DA:95,0
DA:98,0
DA:99,0
LF:59
LH:30
BRDA:9,0,0,1
BRDA:9,1,0,2
BRDA:9,1,1,1
BRDA:9,1,2,1
BRDA:9,1,3,1
BRDA:13,2,0,0
BRDA:18,3,0,1
BRDA:18,3,1,0
BRDA:35,4,0,1
BRDA:35,4,1,0
BRDA:37,5,0,1
BRDA:37,5,1,0
BRDA:57,6,0,1
BRDA:57,6,1,0
BRDA:61,7,0,1
BRDA:61,7,1,0
BRDA:80,8,0,0
BRDA:80,8,1,0
BRDA:90,9,0,0
BRF:19
BRH:10
end_of_record
TN:
SF:src\controller\contactMsgController.ts
FN:8,(anonymous_13)
FN:8,(anonymous_14)
FN:30,(anonymous_15)
FN:30,(anonymous_16)
FN:52,(anonymous_17)
FN:52,(anonymous_18)
FNF:6
FNH:6
FNDA:1,(anonymous_13)
FNDA:1,(anonymous_14)
FNDA:1,(anonymous_15)
FNDA:1,(anonymous_16)
FNDA:1,(anonymous_17)
FNDA:1,(anonymous_18)
DA:2,5
DA:3,5
DA:8,5
DA:9,1
DA:10,1
DA:11,1
DA:12,0
DA:15,1
DA:16,1
DA:17,0
DA:18,0
DA:21,1
DA:22,1
DA:24,0
DA:25,0
DA:30,5
DA:31,1
DA:32,1
DA:33,1
DA:34,1
DA:35,1
DA:36,1
DA:38,0
DA:42,0
DA:46,0
DA:47,0
DA:52,5
DA:53,1
DA:54,1
DA:55,1
DA:56,1
DA:57,1
DA:58,1
DA:59,0
DA:61,1
DA:63,0
DA:67,0
DA:68,0
LF:38
LH:25
BRDA:11,0,0,0
BRDA:11,1,0,1
BRDA:11,1,1,1
BRDA:11,1,2,1
BRDA:16,2,0,0
BRDA:33,3,0,1
BRDA:33,3,1,0
BRDA:33,4,0,1
BRDA:33,4,1,1
BRDA:35,5,0,1
BRDA:35,5,1,0
BRDA:55,6,0,1
BRDA:55,6,1,0
BRDA:55,7,0,1
BRDA:55,7,1,1
BRDA:58,8,0,0
BRF:16
BRH:10
end_of_record
TN:
SF:src\controller\userController.ts
FN:13,(anonymous_14)
FN:13,(anonymous_15)
FN:57,(anonymous_16)
FN:57,(anonymous_17)
FN:90,(anonymous_18)
FN:90,(anonymous_19)
FN:107,(anonymous_20)
FN:107,(anonymous_21)
FN:124,(anonymous_22)
FN:124,(anonymous_23)
FN:147,(anonymous_24)
FN:147,(anonymous_25)
FNF:12
FNH:12
FNDA:3,(anonymous_14)
FNDA:3,(anonymous_15)
FNDA:5,(anonymous_16)
FNDA:5,(anonymous_17)
FNDA:1,(anonymous_18)
FNDA:1,(anonymous_19)
FNDA:1,(anonymous_20)
FNDA:1,(anonymous_21)
FNDA:1,(anonymous_22)
FNDA:1,(anonymous_23)
FNDA:1,(anonymous_24)
FNDA:1,(anonymous_25)
DA:2,5
DA:3,5
DA:4,5
DA:5,5
DA:6,5
DA:7,5
DA:13,5
DA:14,3
DA:17,3
DA:19,3
DA:20,2
DA:23,1
DA:25,1
DA:26,0
DA:27,0
DA:32,1
DA:33,1
DA:34,0
DA:38,1
DA:41,1
DA:48,1
DA:50,0
DA:51,0
DA:57,5
DA:58,5
DA:59,5
DA:61,5
DA:62,0
DA:65,5
DA:66,5
DA:67,0
DA:70,5
DA:71,5
DA:72,0
DA:76,5
DA:79,5
DA:80,5
DA:84,0
DA:85,0
DA:90,5
DA:91,1
DA:92,1
DA:93,1
DA:94,1
DA:95,1
DA:97,0
DA:101,0
DA:102,0
DA:107,5
DA:108,1
DA:109,1
DA:110,1
DA:111,1
DA:112,1
DA:113,1
DA:115,0
DA:119,0
DA:120,0
DA:124,5
DA:125,1
DA:127,1
DA:128,1
DA:129,1
DA:130,1
DA:131,1
DA:132,1
DA:133,0
DA:135,1
DA:137,0
DA:141,0
DA:142,0
DA:147,5
DA:148,1
DA:149,1
DA:150,1
DA:151,1
DA:152,1
DA:153,1
DA:154,0
DA:156,1
DA:158,0
DA:162,0
DA:163,0
LF:83
LH:59
BRDA:19,0,0,2
BRDA:19,1,0,3
BRDA:19,1,1,1
BRDA:19,1,2,1
BRDA:25,2,0,0
BRDA:33,3,0,0
BRDA:61,4,0,0
BRDA:61,5,0,5
BRDA:61,5,1,5
BRDA:66,6,0,0
BRDA:71,7,0,0
BRDA:93,8,0,1
BRDA:93,8,1,0
BRDA:93,9,0,1
BRDA:93,9,1,1
BRDA:110,10,0,1
BRDA:110,10,1,0
BRDA:110,11,0,1
BRDA:110,11,1,1
BRDA:129,12,0,1
BRDA:129,12,1,0
BRDA:129,13,0,1
BRDA:129,13,1,1
BRDA:132,14,0,0
BRDA:150,15,0,1
BRDA:150,15,1,0
BRDA:150,16,0,1
BRDA:150,16,1,1
BRDA:153,17,0,0
BRF:29
BRH:18
end_of_record
TN:
SF:src\models\bCategoryModel.ts
FN:17,(anonymous_7)
FNF:1
FNH:1
FNDA:1,(anonymous_7)
DA:1,5
DA:2,5
DA:8,5
DA:15,5
DA:16,5
DA:17,5
DA:18,1
DA:21,1
LF:8
LH:8
BRF:0
BRH:0
end_of_record
TN:
SF:src\models\blogModel.ts
FN:47,(anonymous_7)
FNF:1
FNH:1
FNDA:2,(anonymous_7)
DA:1,5
DA:2,5
DA:14,5
DA:45,5
DA:46,5
DA:47,5
DA:48,2
DA:57,2
LF:8
LH:8
BRF:0
BRH:0
end_of_record
TN:
SF:src\models\commentModel.ts
FN:51,(anonymous_7)
FNF:1
FNH:1
FNDA:1,(anonymous_7)
DA:1,5
DA:2,5
DA:19,5
DA:49,5
DA:50,5
DA:51,5
DA:52,1
DA:64,1
LF:8
LH:8
BRF:0
BRH:0
end_of_record
TN:
SF:src\models\contactMsgModel.ts
FN:33,(anonymous_7)
FNF:1
FNH:1
FNDA:1,(anonymous_7)
DA:1,5
DA:2,5
DA:11,5
DA:31,5
DA:32,5
DA:33,5
DA:34,1
DA:40,1
LF:8
LH:8
BRF:0
BRH:0
end_of_record
TN:
SF:src\models\usersModel.ts
FN:39,(anonymous_7)
FN:51,(anonymous_8)
FNF:2
FNH:2
FNDA:1,(anonymous_7)
FNDA:21,(anonymous_8)
DA:1,5
DA:2,5
DA:12,5
DA:38,5
DA:39,5
DA:40,1
DA:47,1
DA:49,5
DA:51,21
LF:9
LH:9
BRF:0
BRH:0
end_of_record
